  [1m[35m (1.5ms)[0m  [1m[35mCREATE TABLE "schema_migrations" ("version" varchar NOT NULL PRIMARY KEY)[0m
  [1m[35m (0.1ms)[0m  [1m[35mCREATE TABLE "ar_internal_metadata" ("key" varchar NOT NULL PRIMARY KEY, "value" varchar, "created_at" datetime(6) NOT NULL, "updated_at" datetime(6) NOT NULL)[0m
  [1m[36mActiveRecord::InternalMetadata Load (0.1ms)[0m  [1m[34mSELECT * FROM "ar_internal_metadata" WHERE "ar_internal_metadata"."key" = ? ORDER BY "ar_internal_metadata"."key" ASC LIMIT 1[0m  [[nil, "environment"]]
  [1m[36mActiveRecord::InternalMetadata Create (0.1ms)[0m  [1m[32mINSERT INTO "ar_internal_metadata" ("key", "value", "created_at", "updated_at") VALUES ('environment', 'development', '2025-03-15 22:50:24.589475', '2025-03-15 22:50:24.589478') RETURNING "key"[0m
  [1m[36mActiveRecord::SchemaMigration Load (0.0ms)[0m  [1m[34mSELECT "schema_migrations"."version" FROM "schema_migrations" ORDER BY "schema_migrations"."version" ASC[0m
  [1m[36mActiveRecord::InternalMetadata Load (0.1ms)[0m  [1m[34mSELECT * FROM "ar_internal_metadata" WHERE "ar_internal_metadata"."key" = ? ORDER BY "ar_internal_metadata"."key" ASC LIMIT 1[0m  [[nil, "environment"]]
  [1m[36mActiveRecord::SchemaMigration Load (0.1ms)[0m  [1m[34mSELECT "schema_migrations"."version" FROM "schema_migrations" ORDER BY "schema_migrations"."version" ASC[0m
  [1m[36mActiveRecord::SchemaMigration Load (0.2ms)[0m  [1m[34mSELECT "schema_migrations"."version" FROM "schema_migrations" ORDER BY "schema_migrations"."version" ASC[0m
  [1m[36mActiveRecord::SchemaMigration Load (0.1ms)[0m  [1m[34mSELECT "schema_migrations"."version" FROM "schema_migrations" ORDER BY "schema_migrations"."version" ASC[0m
  [1m[36mActiveRecord::SchemaMigration Load (0.0ms)[0m  [1m[34mSELECT "schema_migrations"."version" FROM "schema_migrations" ORDER BY "schema_migrations"."version" ASC[0m
  [1m[35m (3.3ms)[0m  [1m[35mCREATE TABLE "schema_migrations" ("version" varchar NOT NULL PRIMARY KEY)[0m
  [1m[35m (0.1ms)[0m  [1m[35mCREATE TABLE "ar_internal_metadata" ("key" varchar NOT NULL PRIMARY KEY, "value" varchar, "created_at" datetime(6) NOT NULL, "updated_at" datetime(6) NOT NULL)[0m
  [1m[36mActiveRecord::InternalMetadata Load (0.1ms)[0m  [1m[34mSELECT * FROM "ar_internal_metadata" WHERE "ar_internal_metadata"."key" = ? ORDER BY "ar_internal_metadata"."key" ASC LIMIT 1[0m  [[nil, "environment"]]
  [1m[36mActiveRecord::InternalMetadata Create (0.1ms)[0m  [1m[32mINSERT INTO "ar_internal_metadata" ("key", "value", "created_at", "updated_at") VALUES ('environment', 'development', '2025-03-15 23:08:12.576542', '2025-03-15 23:08:12.576545') RETURNING "key"[0m
  [1m[36mActiveRecord::SchemaMigration Load (0.1ms)[0m  [1m[34mSELECT "schema_migrations"."version" FROM "schema_migrations" ORDER BY "schema_migrations"."version" ASC[0m
Migrating to CreateUsers (20250315230711)
  [1m[36mTRANSACTION (0.0ms)[0m  [1m[36mbegin transaction[0m
  [1m[35m (0.9ms)[0m  [1m[35mCREATE TABLE "users" ("id" integer PRIMARY KEY AUTOINCREMENT NOT NULL, "name" varchar, "email" varchar, "created_at" datetime(6) NOT NULL, "updated_at" datetime(6) NOT NULL)[0m
  [1m[36mActiveRecord::SchemaMigration Create (0.4ms)[0m  [1m[32mINSERT INTO "schema_migrations" ("version") VALUES ('20250315230711') RETURNING "version"[0m
  [1m[36mTRANSACTION (0.1ms)[0m  [1m[36mcommit transaction[0m
Migrating to CreateProducts (20250315230739)
  [1m[36mTRANSACTION (0.0ms)[0m  [1m[36mbegin transaction[0m
  [1m[35m (0.5ms)[0m  [1m[35mCREATE TABLE "products" ("id" integer PRIMARY KEY AUTOINCREMENT NOT NULL, "name" varchar, "price" decimal, "stock_quantity" integer, "created_at" datetime(6) NOT NULL, "updated_at" datetime(6) NOT NULL)[0m
  [1m[36mActiveRecord::SchemaMigration Create (0.2ms)[0m  [1m[32mINSERT INTO "schema_migrations" ("version") VALUES ('20250315230739') RETURNING "version"[0m
  [1m[36mTRANSACTION (0.1ms)[0m  [1m[36mcommit transaction[0m
Migrating to CreateOrders (20250315230748)
  [1m[36mTRANSACTION (0.0ms)[0m  [1m[36mbegin transaction[0m
  [1m[35m (1.3ms)[0m  [1m[35mCREATE TABLE "orders" ("id" integer PRIMARY KEY AUTOINCREMENT NOT NULL, "user_id" integer NOT NULL, "created_at" datetime(6) NOT NULL, "updated_at" datetime(6) NOT NULL, CONSTRAINT "fk_rails_f868b47f6a"
FOREIGN KEY ("user_id")
  REFERENCES "users" ("id")
)[0m
  [1m[35m (0.1ms)[0m  [1m[35mCREATE INDEX "index_orders_on_user_id" ON "orders" ("user_id")[0m
  [1m[36mActiveRecord::SchemaMigration Create (0.1ms)[0m  [1m[32mINSERT INTO "schema_migrations" ("version") VALUES ('20250315230748') RETURNING "version"[0m
  [1m[36mTRANSACTION (0.1ms)[0m  [1m[36mcommit transaction[0m
Migrating to CreateOrderItems (20250315230803)
  [1m[36mTRANSACTION (0.0ms)[0m  [1m[36mbegin transaction[0m
  [1m[35m (0.6ms)[0m  [1m[35mCREATE TABLE "order_items" ("id" integer PRIMARY KEY AUTOINCREMENT NOT NULL, "order_id" integer NOT NULL, "product_id" integer NOT NULL, "quantity" integer, "price" decimal, "created_at" datetime(6) NOT NULL, "updated_at" datetime(6) NOT NULL, CONSTRAINT "fk_rails_e3cb28f071"
FOREIGN KEY ("order_id")
  REFERENCES "orders" ("id")
, CONSTRAINT "fk_rails_f1a29ddd47"
FOREIGN KEY ("product_id")
  REFERENCES "products" ("id")
)[0m
  [1m[35m (0.1ms)[0m  [1m[35mCREATE INDEX "index_order_items_on_order_id" ON "order_items" ("order_id")[0m
  [1m[35m (0.1ms)[0m  [1m[35mCREATE INDEX "index_order_items_on_product_id" ON "order_items" ("product_id")[0m
  [1m[36mActiveRecord::SchemaMigration Create (0.1ms)[0m  [1m[32mINSERT INTO "schema_migrations" ("version") VALUES ('20250315230803') RETURNING "version"[0m
  [1m[36mTRANSACTION (0.0ms)[0m  [1m[36mcommit transaction[0m
  [1m[36mActiveRecord::SchemaMigration Load (0.0ms)[0m  [1m[34mSELECT "schema_migrations"."version" FROM "schema_migrations" ORDER BY "schema_migrations"."version" ASC[0m
  [1m[36mTRANSACTION (0.1ms)[0m  [1m[36mbegin transaction[0m
  [1m[36mUser Exists? (0.4ms)[0m  [1m[34mSELECT 1 AS one FROM "users" WHERE "users"."email" = ? LIMIT ?[0m  [["email", "[FILTERED]"], ["LIMIT", 1]]
  [1m[36mTRANSACTION (0.0ms)[0m  [1m[31mrollback transaction[0m
  [1m[36mActiveRecord::SchemaMigration Load (0.2ms)[0m  [1m[34mSELECT "schema_migrations"."version" FROM "schema_migrations" ORDER BY "schema_migrations"."version" ASC[0m
  [1m[36mUser Load (0.1ms)[0m  [1m[34mSELECT "users".* FROM "users"[0m
  [1m[36mProduct Load (0.1ms)[0m  [1m[34mSELECT "products".* FROM "products"[0m
  [1m[36mOrder Load (0.1ms)[0m  [1m[34mSELECT "orders".* FROM "orders"[0m
  [1m[36mOrderItem Load (0.1ms)[0m  [1m[34mSELECT "order_items".* FROM "order_items"[0m
  [1m[36mTRANSACTION (0.1ms)[0m  [1m[36mbegin transaction[0m
  [1m[36mUser Exists? (0.9ms)[0m  [1m[34mSELECT 1 AS one FROM "users" WHERE "users"."email" = ? LIMIT ?[0m  [["email", "[FILTERED]"], ["LIMIT", 1]]
  [1m[36mUser Create (0.1ms)[0m  [1m[32mINSERT INTO "users" ("name", "email", "created_at", "updated_at") VALUES (?, ?, ?, ?) RETURNING "id"[0m  [["name", "Alice Johnson"], ["email", "[FILTERED]"], ["created_at", "2025-03-15 23:12:49.499908"], ["updated_at", "2025-03-15 23:12:49.499908"]]
  [1m[36mTRANSACTION (2.6ms)[0m  [1m[36mcommit transaction[0m
  [1m[36mTRANSACTION (0.0ms)[0m  [1m[36mbegin transaction[0m
  [1m[36mUser Exists? (1.0ms)[0m  [1m[34mSELECT 1 AS one FROM "users" WHERE "users"."email" = ? LIMIT ?[0m  [["email", "[FILTERED]"], ["LIMIT", 1]]
  [1m[36mUser Create (0.1ms)[0m  [1m[32mINSERT INTO "users" ("name", "email", "created_at", "updated_at") VALUES (?, ?, ?, ?) RETURNING "id"[0m  [["name", "Bob Smith"], ["email", "[FILTERED]"], ["created_at", "2025-03-15 23:12:49.507139"], ["updated_at", "2025-03-15 23:12:49.507139"]]
  [1m[36mTRANSACTION (0.0ms)[0m  [1m[36mcommit transaction[0m
  [1m[36mTRANSACTION (0.0ms)[0m  [1m[36mbegin transaction[0m
  [1m[36mProduct Create (0.7ms)[0m  [1m[32mINSERT INTO "products" ("name", "price", "stock_quantity", "created_at", "updated_at") VALUES (?, ?, ?, ?, ?) RETURNING "id"[0m  [["name", "Laptop"], ["price", 999.99], ["stock_quantity", 10], ["created_at", "2025-03-15 23:12:49.510981"], ["updated_at", "2025-03-15 23:12:49.510981"]]
  [1m[36mTRANSACTION (0.0ms)[0m  [1m[36mcommit transaction[0m
  [1m[36mTRANSACTION (0.0ms)[0m  [1m[36mbegin transaction[0m
  [1m[36mProduct Create (0.6ms)[0m  [1m[32mINSERT INTO "products" ("name", "price", "stock_quantity", "created_at", "updated_at") VALUES (?, ?, ?, ?, ?) RETURNING "id"[0m  [["name", "Headphones"], ["price", 199.99], ["stock_quantity", 50], ["created_at", "2025-03-15 23:12:49.513069"], ["updated_at", "2025-03-15 23:12:49.513069"]]
  [1m[36mTRANSACTION (0.0ms)[0m  [1m[36mcommit transaction[0m
  [1m[36mTRANSACTION (0.0ms)[0m  [1m[36mbegin transaction[0m
  [1m[36mProduct Create (0.5ms)[0m  [1m[32mINSERT INTO "products" ("name", "price", "stock_quantity", "created_at", "updated_at") VALUES (?, ?, ?, ?, ?) RETURNING "id"[0m  [["name", "Mouse"], ["price", 49.99], ["stock_quantity", 30], ["created_at", "2025-03-15 23:12:49.514992"], ["updated_at", "2025-03-15 23:12:49.514992"]]
  [1m[36mTRANSACTION (0.1ms)[0m  [1m[36mcommit transaction[0m
  [1m[36mTRANSACTION (0.0ms)[0m  [1m[36mbegin transaction[0m
  [1m[36mOrder Create (0.6ms)[0m  [1m[32mINSERT INTO "orders" ("user_id", "created_at", "updated_at") VALUES (?, ?, ?) RETURNING "id"[0m  [["user_id", 1], ["created_at", "2025-03-15 23:12:49.519679"], ["updated_at", "2025-03-15 23:12:49.519679"]]
  [1m[36mTRANSACTION (0.0ms)[0m  [1m[36mcommit transaction[0m
  [1m[36mTRANSACTION (0.0ms)[0m  [1m[36mbegin transaction[0m
  [1m[36mOrder Create (0.5ms)[0m  [1m[32mINSERT INTO "orders" ("user_id", "created_at", "updated_at") VALUES (?, ?, ?) RETURNING "id"[0m  [["user_id", 2], ["created_at", "2025-03-15 23:12:49.521606"], ["updated_at", "2025-03-15 23:12:49.521606"]]
  [1m[36mTRANSACTION (0.0ms)[0m  [1m[36mcommit transaction[0m
  [1m[36mTRANSACTION (0.0ms)[0m  [1m[36mbegin transaction[0m
  [1m[36mOrderItem Create (0.6ms)[0m  [1m[32mINSERT INTO "order_items" ("order_id", "product_id", "quantity", "price", "created_at", "updated_at") VALUES (?, ?, ?, ?, ?, ?) RETURNING "id"[0m  [["order_id", 1], ["product_id", 1], ["quantity", 1], ["price", 999.99], ["created_at", "2025-03-15 23:12:49.525911"], ["updated_at", "2025-03-15 23:12:49.525911"]]
  [1m[36mTRANSACTION (0.1ms)[0m  [1m[36mcommit transaction[0m
  [1m[36mTRANSACTION (0.0ms)[0m  [1m[36mbegin transaction[0m
  [1m[36mOrderItem Create (0.5ms)[0m  [1m[32mINSERT INTO "order_items" ("order_id", "product_id", "quantity", "price", "created_at", "updated_at") VALUES (?, ?, ?, ?, ?, ?) RETURNING "id"[0m  [["order_id", 1], ["product_id", 3], ["quantity", 2], ["price", 49.99], ["created_at", "2025-03-15 23:12:49.527890"], ["updated_at", "2025-03-15 23:12:49.527890"]]
  [1m[36mTRANSACTION (0.0ms)[0m  [1m[36mcommit transaction[0m
  [1m[36mTRANSACTION (0.0ms)[0m  [1m[36mbegin transaction[0m
  [1m[36mOrderItem Create (0.5ms)[0m  [1m[32mINSERT INTO "order_items" ("order_id", "product_id", "quantity", "price", "created_at", "updated_at") VALUES (?, ?, ?, ?, ?, ?) RETURNING "id"[0m  [["order_id", 2], ["product_id", 2], ["quantity", 1], ["price", 199.99], ["created_at", "2025-03-15 23:12:49.529566"], ["updated_at", "2025-03-15 23:12:49.529566"]]
  [1m[36mTRANSACTION (0.0ms)[0m  [1m[36mcommit transaction[0m
  [1m[36mUser Count (0.0ms)[0m  [1m[34mSELECT COUNT(*) FROM "users"[0m
  [1m[36mProduct Count (0.1ms)[0m  [1m[34mSELECT COUNT(*) FROM "products"[0m
  [1m[36mOrder Count (0.1ms)[0m  [1m[34mSELECT COUNT(*) FROM "orders"[0m
  [1m[36mOrderItem Count (0.0ms)[0m  [1m[34mSELECT COUNT(*) FROM "order_items"[0m
Started GET "/about" for ::1 at 2025-03-15 18:16:50 -0500
  [1m[36mActiveRecord::SchemaMigration Load (0.1ms)[0m  [1m[34mSELECT "schema_migrations"."version" FROM "schema_migrations" ORDER BY "schema_migrations"."version" ASC[0m
Processing by PagesController#about as HTML
  Rendering layout layouts/application.html.erb
  Rendering pages/about.html.erb within layouts/application
  Rendered pages/about.html.erb within layouts/application (Duration: 0.3ms | GC: 0.0ms)
  Rendered layout layouts/application.html.erb (Duration: 265.7ms | GC: 46.0ms)
Completed 200 OK in 293ms (Views: 270.4ms | ActiveRecord: 0.0ms (0 queries, 0 cached) | GC: 46.7ms)


Started GET "/manifest.json" for ::1 at 2025-03-15 18:16:50 -0500
Processing by Rails::PwaController#manifest as JSON
  Rendering pwa/manifest.json.erb
  Rendered pwa/manifest.json.erb (Duration: 0.3ms | GC: 0.0ms)
Completed 200 OK in 2ms (Views: 1.8ms | ActiveRecord: 0.0ms (0 queries, 0 cached) | GC: 0.1ms)


Started GET "/products" for ::1 at 2025-03-15 19:29:05 -0500
  [1m[36mActiveRecord::SchemaMigration Load (0.2ms)[0m  [1m[34mSELECT "schema_migrations"."version" FROM "schema_migrations" ORDER BY "schema_migrations"."version" ASC[0m
Processing by ProductsController#index as HTML
  Rendering layout layouts/application.html.erb
  Rendering products/index.html.erb within layouts/application
  Rendered products/index.html.erb within layouts/application (Duration: 0.6ms | GC: 0.0ms)
  Rendered layout layouts/application.html.erb (Duration: 190.1ms | GC: 49.7ms)
Completed 200 OK in 220ms (Views: 195.5ms | ActiveRecord: 0.0ms (0 queries, 0 cached) | GC: 53.7ms)


Started GET "/manifest.json" for ::1 at 2025-03-15 19:29:05 -0500
  
ActionController::RoutingError (No route matches [GET] "/manifest.json"):
  
Started GET "/" for ::1 at 2025-03-15 19:29:41 -0500
Processing by ProductsController#index as HTML
  Rendering layout layouts/application.html.erb
  Rendering products/index.html.erb within layouts/application
  Rendered products/index.html.erb within layouts/application (Duration: 0.7ms | GC: 0.0ms)
  Rendered layout layouts/application.html.erb (Duration: 13.4ms | GC: 0.0ms)
Completed 200 OK in 18ms (Views: 14.6ms | ActiveRecord: 0.0ms (0 queries, 0 cached) | GC: 0.0ms)


Started GET "/manifest.json" for ::1 at 2025-03-15 19:29:41 -0500
  
ActionController::RoutingError (No route matches [GET] "/manifest.json"):
  
Started GET "/products" for ::1 at 2025-03-15 19:29:53 -0500
Processing by ProductsController#index as HTML
  Rendering layout layouts/application.html.erb
  Rendering products/index.html.erb within layouts/application
  Rendered products/index.html.erb within layouts/application (Duration: 0.1ms | GC: 0.0ms)
  Rendered layout layouts/application.html.erb (Duration: 3.1ms | GC: 0.0ms)
Completed 200 OK in 5ms (Views: 4.2ms | ActiveRecord: 0.0ms (0 queries, 0 cached) | GC: 0.4ms)


Started GET "/manifest.json" for ::1 at 2025-03-15 19:29:53 -0500
  
ActionController::RoutingError (No route matches [GET] "/manifest.json"):
  
Started GET "/orders" for ::1 at 2025-03-15 19:30:05 -0500
Processing by OrdersController#index as HTML
  Rendering layout layouts/application.html.erb
  Rendering orders/index.html.erb within layouts/application
  [1m[36mOrder Load (3.0ms)[0m  [1m[34mSELECT "orders".* FROM "orders"[0m
  ↳ app/views/orders/index.html.erb:3
  [1m[36mUser Load (0.7ms)[0m  [1m[34mSELECT "users".* FROM "users" WHERE "users"."id" = ? LIMIT ?[0m  [["id", 1], ["LIMIT", 1]]
  ↳ app/views/orders/index.html.erb:5
  [1m[36mUser Load (0.1ms)[0m  [1m[34mSELECT "users".* FROM "users" WHERE "users"."id" = ? LIMIT ?[0m  [["id", 2], ["LIMIT", 1]]
  ↳ app/views/orders/index.html.erb:5
  Rendered orders/index.html.erb within layouts/application (Duration: 53.8ms | GC: 2.8ms)
  Rendered layout layouts/application.html.erb (Duration: 55.8ms | GC: 2.9ms)
Completed 200 OK in 62ms (Views: 48.8ms | ActiveRecord: 7.6ms (3 queries, 0 cached) | GC: 3.0ms)


Started GET "/manifest.json" for ::1 at 2025-03-15 19:30:05 -0500
  
ActionController::RoutingError (No route matches [GET] "/manifest.json"):
  
Started GET "/orders/1" for ::1 at 2025-03-15 19:30:06 -0500
Processing by OrdersController#show as HTML
  Parameters: {"id"=>"1"}
  [1m[36mOrder Load (0.3ms)[0m  [1m[34mSELECT "orders".* FROM "orders" WHERE "orders"."id" = ? LIMIT ?[0m  [["id", 1], ["LIMIT", 1]]
  ↳ app/controllers/orders_controller.rb:7:in `show'
  Rendering layout layouts/application.html.erb
  Rendering orders/show.html.erb within layouts/application
  [1m[36mUser Load (0.2ms)[0m  [1m[34mSELECT "users".* FROM "users" WHERE "users"."id" = ? LIMIT ?[0m  [["id", 1], ["LIMIT", 1]]
  ↳ app/views/orders/show.html.erb:2
  [1m[36mOrderItem Load (0.1ms)[0m  [1m[34mSELECT "order_items".* FROM "order_items" WHERE "order_items"."order_id" = ?[0m  [["order_id", 1]]
  ↳ app/views/orders/show.html.erb:5
  [1m[36mProduct Load (0.1ms)[0m  [1m[34mSELECT "products".* FROM "products" WHERE "products"."id" = ? LIMIT ?[0m  [["id", 1], ["LIMIT", 1]]
  ↳ app/views/orders/show.html.erb:7
  [1m[36mProduct Load (0.0ms)[0m  [1m[34mSELECT "products".* FROM "products" WHERE "products"."id" = ? LIMIT ?[0m  [["id", 3], ["LIMIT", 1]]
  ↳ app/views/orders/show.html.erb:7
  Rendered orders/show.html.erb within layouts/application (Duration: 26.7ms | GC: 4.1ms)
  Rendered layout layouts/application.html.erb (Duration: 28.8ms | GC: 4.2ms)
Completed 200 OK in 32ms (Views: 28.3ms | ActiveRecord: 1.2ms (5 queries, 0 cached) | GC: 4.2ms)


Started GET "/manifest.json" for ::1 at 2025-03-15 19:30:06 -0500
  
ActionController::RoutingError (No route matches [GET] "/manifest.json"):
  
Started GET "/manifest.json" for ::1 at 2025-03-15 19:30:09 -0500
  
ActionController::RoutingError (No route matches [GET] "/manifest.json"):
  
Started GET "/orders/2" for ::1 at 2025-03-15 19:30:11 -0500
Processing by OrdersController#show as HTML
  Parameters: {"id"=>"2"}
  [1m[36mOrder Load (0.2ms)[0m  [1m[34mSELECT "orders".* FROM "orders" WHERE "orders"."id" = ? LIMIT ?[0m  [["id", 2], ["LIMIT", 1]]
  ↳ app/controllers/orders_controller.rb:7:in `show'
  Rendering layout layouts/application.html.erb
  Rendering orders/show.html.erb within layouts/application
  [1m[36mUser Load (0.1ms)[0m  [1m[34mSELECT "users".* FROM "users" WHERE "users"."id" = ? LIMIT ?[0m  [["id", 2], ["LIMIT", 1]]
  ↳ app/views/orders/show.html.erb:2
  [1m[36mOrderItem Load (0.1ms)[0m  [1m[34mSELECT "order_items".* FROM "order_items" WHERE "order_items"."order_id" = ?[0m  [["order_id", 2]]
  ↳ app/views/orders/show.html.erb:5
  [1m[36mProduct Load (0.1ms)[0m  [1m[34mSELECT "products".* FROM "products" WHERE "products"."id" = ? LIMIT ?[0m  [["id", 2], ["LIMIT", 1]]
  ↳ app/views/orders/show.html.erb:7
  Rendered orders/show.html.erb within layouts/application (Duration: 3.8ms | GC: 0.1ms)
  Rendered layout layouts/application.html.erb (Duration: 5.8ms | GC: 0.2ms)
Completed 200 OK in 8ms (Views: 5.9ms | ActiveRecord: 0.4ms (4 queries, 0 cached) | GC: 0.5ms)


Started GET "/manifest.json" for ::1 at 2025-03-15 19:30:11 -0500
  
ActionController::RoutingError (No route matches [GET] "/manifest.json"):
  
Started GET "/manifest.json" for ::1 at 2025-03-15 19:30:13 -0500
  
ActionController::RoutingError (No route matches [GET] "/manifest.json"):
  
Started GET "/product" for ::1 at 2025-03-15 19:31:23 -0500
  [1m[36mActiveRecord::SchemaMigration Load (0.1ms)[0m  [1m[34mSELECT "schema_migrations"."version" FROM "schema_migrations" ORDER BY "schema_migrations"."version" ASC[0m
  
ActionController::RoutingError (No route matches [GET] "/product"):
  
Started GET "/favicon.ico" for ::1 at 2025-03-15 19:31:23 -0500
  
ActionController::RoutingError (No route matches [GET] "/favicon.ico"):
  
Started GET "/orders/1" for ::1 at 2025-03-15 19:32:08 -0500
Processing by OrdersController#show as HTML
  Parameters: {"id"=>"1"}
  [1m[36mOrder Load (0.2ms)[0m  [1m[34mSELECT "orders".* FROM "orders" WHERE "orders"."id" = ? LIMIT ?[0m  [["id", 1], ["LIMIT", 1]]
  ↳ app/controllers/orders_controller.rb:7:in `show'
  Rendering layout layouts/application.html.erb
  Rendering orders/show.html.erb within layouts/application
  [1m[36mUser Load (0.1ms)[0m  [1m[34mSELECT "users".* FROM "users" WHERE "users"."id" = ? LIMIT ?[0m  [["id", 1], ["LIMIT", 1]]
  ↳ app/views/orders/show.html.erb:2
  [1m[36mOrderItem Load (0.1ms)[0m  [1m[34mSELECT "order_items".* FROM "order_items" WHERE "order_items"."order_id" = ?[0m  [["order_id", 1]]
  ↳ app/views/orders/show.html.erb:5
  [1m[36mProduct Load (0.1ms)[0m  [1m[34mSELECT "products".* FROM "products" WHERE "products"."id" = ? LIMIT ?[0m  [["id", 1], ["LIMIT", 1]]
  ↳ app/views/orders/show.html.erb:7
  [1m[36mProduct Load (0.1ms)[0m  [1m[34mSELECT "products".* FROM "products" WHERE "products"."id" = ? LIMIT ?[0m  [["id", 3], ["LIMIT", 1]]
  ↳ app/views/orders/show.html.erb:7
  Rendered orders/show.html.erb within layouts/application (Duration: 32.0ms | GC: 2.2ms)
  Rendered layout layouts/application.html.erb (Duration: 85.7ms | GC: 4.5ms)
Completed 200 OK in 135ms (Views: 84.2ms | ActiveRecord: 8.2ms (5 queries, 0 cached) | GC: 7.6ms)


Started GET "/manifest.json" for ::1 at 2025-03-15 19:32:08 -0500
  
ActionController::RoutingError (No route matches [GET] "/manifest.json"):
  
Started GET "/products" for ::1 at 2025-03-15 19:35:46 -0500
  [1m[36mActiveRecord::SchemaMigration Load (0.1ms)[0m  [1m[34mSELECT "schema_migrations"."version" FROM "schema_migrations" ORDER BY "schema_migrations"."version" ASC[0m
Processing by ProductsController#index as HTML
Completed 500 Internal Server Error in 12ms (ActiveRecord: 0.0ms (0 queries, 0 cached) | GC: 0.9ms)


  
NoMethodError (undefined method `page' for Product:Class):
  
app/controllers/products_controller.rb:6:in `index'
Started GET "/products" for ::1 at 2025-03-15 19:36:53 -0500
  [1m[36mActiveRecord::SchemaMigration Load (0.3ms)[0m  [1m[34mSELECT "schema_migrations"."version" FROM "schema_migrations" ORDER BY "schema_migrations"."version" ASC[0m
Processing by ProductsController#index as HTML
  Rendering layout layouts/application.html.erb
  Rendering products/index.html.erb within layouts/application
  [1m[36mProduct Load (1.4ms)[0m  [1m[34mSELECT "products".* FROM "products" LIMIT ? OFFSET ?[0m  [["LIMIT", 5], ["OFFSET", 0]]
  ↳ app/views/products/index.html.erb:10
  Rendered products/index.html.erb within layouts/application (Duration: 9.0ms | GC: 0.9ms)
  Rendered layout layouts/application.html.erb (Duration: 82.3ms | GC: 39.1ms)
Completed 200 OK in 99ms (Views: 81.8ms | ActiveRecord: 2.7ms (1 query, 0 cached) | GC: 40.5ms)


Started GET "/manifest.json" for ::1 at 2025-03-15 19:36:53 -0500
  
ActionController::RoutingError (No route matches [GET] "/manifest.json"):
  
Started GET "/products" for ::1 at 2025-03-15 19:38:36 -0500
Processing by ProductsController#index as HTML
  Rendering layout layouts/application.html.erb
  Rendering products/index.html.erb within layouts/application
  [1m[36mProduct Load (1.2ms)[0m  [1m[34mSELECT "products".* FROM "products" LIMIT ? OFFSET ?[0m  [["LIMIT", 5], ["OFFSET", 0]]
  ↳ app/views/products/index.html.erb:10
  Rendered products/index.html.erb within layouts/application (Duration: 13.0ms | GC: 0.0ms)
  Rendered layout layouts/application.html.erb (Duration: 17.1ms | GC: 0.0ms)
Completed 200 OK in 20ms (Views: 17.0ms | ActiveRecord: 1.1ms (1 query, 0 cached) | GC: 0.0ms)


Started GET "/manifest.json" for ::1 at 2025-03-15 19:38:36 -0500
  
ActionController::RoutingError (No route matches [GET] "/manifest.json"):
  
Started GET "/products/1" for ::1 at 2025-03-15 19:38:59 -0500
Processing by ProductsController#show as HTML
  Parameters: {"id"=>"1"}
  Rendering layout layouts/application.html.erb
  Rendering products/show.html.erb within layouts/application
  Rendered products/show.html.erb within layouts/application (Duration: 1.6ms | GC: 0.0ms)
  Rendered layout layouts/application.html.erb (Duration: 7.0ms | GC: 0.0ms)
Completed 200 OK in 9ms (Views: 7.6ms | ActiveRecord: 0.0ms (0 queries, 0 cached) | GC: 0.4ms)


Started GET "/manifest.json" for ::1 at 2025-03-15 19:38:59 -0500
  
ActionController::RoutingError (No route matches [GET] "/manifest.json"):
  
Started GET "/orders" for ::1 at 2025-03-15 19:39:29 -0500
Processing by OrdersController#index as HTML
  Rendering layout layouts/application.html.erb
  Rendering orders/index.html.erb within layouts/application
  [1m[36mOrder Load (0.4ms)[0m  [1m[34mSELECT "orders".* FROM "orders"[0m
  ↳ app/views/orders/index.html.erb:3
  [1m[36mUser Load (0.2ms)[0m  [1m[34mSELECT "users".* FROM "users" WHERE "users"."id" = ? LIMIT ?[0m  [["id", 1], ["LIMIT", 1]]
  ↳ app/views/orders/index.html.erb:5
  [1m[36mUser Load (0.1ms)[0m  [1m[34mSELECT "users".* FROM "users" WHERE "users"."id" = ? LIMIT ?[0m  [["id", 2], ["LIMIT", 1]]
  ↳ app/views/orders/index.html.erb:5
  Rendered orders/index.html.erb within layouts/application (Duration: 37.5ms | GC: 1.7ms)
  Rendered layout layouts/application.html.erb (Duration: 40.0ms | GC: 1.9ms)
Completed 200 OK in 52ms (Views: 39.7ms | ActiveRecord: 1.5ms (3 queries, 0 cached) | GC: 2.3ms)


Started GET "/manifest.json" for ::1 at 2025-03-15 19:39:29 -0500
  
ActionController::RoutingError (No route matches [GET] "/manifest.json"):
  
Started GET "/orders/1" for ::1 at 2025-03-15 19:39:32 -0500
Processing by OrdersController#show as HTML
  Parameters: {"id"=>"1"}
  [1m[36mOrder Load (0.2ms)[0m  [1m[34mSELECT "orders".* FROM "orders" WHERE "orders"."id" = ? LIMIT ?[0m  [["id", 1], ["LIMIT", 1]]
  ↳ app/controllers/orders_controller.rb:7:in `show'
  Rendering layout layouts/application.html.erb
  Rendering orders/show.html.erb within layouts/application
  [1m[36mUser Load (0.1ms)[0m  [1m[34mSELECT "users".* FROM "users" WHERE "users"."id" = ? LIMIT ?[0m  [["id", 1], ["LIMIT", 1]]
  ↳ app/views/orders/show.html.erb:2
  [1m[36mOrderItem Load (0.1ms)[0m  [1m[34mSELECT "order_items".* FROM "order_items" WHERE "order_items"."order_id" = ?[0m  [["order_id", 1]]
  ↳ app/views/orders/show.html.erb:5
  [1m[36mProduct Load (0.2ms)[0m  [1m[34mSELECT "products".* FROM "products" WHERE "products"."id" = ? LIMIT ?[0m  [["id", 1], ["LIMIT", 1]]
  ↳ app/views/orders/show.html.erb:7
  [1m[36mProduct Load (0.0ms)[0m  [1m[34mSELECT "products".* FROM "products" WHERE "products"."id" = ? LIMIT ?[0m  [["id", 3], ["LIMIT", 1]]
  ↳ app/views/orders/show.html.erb:7
  Rendered orders/show.html.erb within layouts/application (Duration: 17.4ms | GC: 1.0ms)
  Rendered layout layouts/application.html.erb (Duration: 18.9ms | GC: 1.1ms)
Completed 200 OK in 23ms (Views: 18.5ms | ActiveRecord: 0.9ms (5 queries, 0 cached) | GC: 1.2ms)


Started GET "/manifest.json" for ::1 at 2025-03-15 19:39:32 -0500
  
ActionController::RoutingError (No route matches [GET] "/manifest.json"):
  
Started GET "/manifest.json" for ::1 at 2025-03-15 19:39:34 -0500
  
ActionController::RoutingError (No route matches [GET] "/manifest.json"):
  
Started GET "/orders/2" for ::1 at 2025-03-15 19:39:36 -0500
Processing by OrdersController#show as HTML
  Parameters: {"id"=>"2"}
  [1m[36mOrder Load (0.1ms)[0m  [1m[34mSELECT "orders".* FROM "orders" WHERE "orders"."id" = ? LIMIT ?[0m  [["id", 2], ["LIMIT", 1]]
  ↳ app/controllers/orders_controller.rb:7:in `show'
  Rendering layout layouts/application.html.erb
  Rendering orders/show.html.erb within layouts/application
  [1m[36mUser Load (0.1ms)[0m  [1m[34mSELECT "users".* FROM "users" WHERE "users"."id" = ? LIMIT ?[0m  [["id", 2], ["LIMIT", 1]]
  ↳ app/views/orders/show.html.erb:2
  [1m[36mOrderItem Load (0.5ms)[0m  [1m[34mSELECT "order_items".* FROM "order_items" WHERE "order_items"."order_id" = ?[0m  [["order_id", 2]]
  ↳ app/views/orders/show.html.erb:5
  [1m[36mProduct Load (0.0ms)[0m  [1m[34mSELECT "products".* FROM "products" WHERE "products"."id" = ? LIMIT ?[0m  [["id", 2], ["LIMIT", 1]]
  ↳ app/views/orders/show.html.erb:7
  Rendered orders/show.html.erb within layouts/application (Duration: 4.1ms | GC: 0.1ms)
  Rendered layout layouts/application.html.erb (Duration: 6.4ms | GC: 0.4ms)
Completed 200 OK in 9ms (Views: 6.2ms | ActiveRecord: 0.8ms (4 queries, 0 cached) | GC: 0.6ms)


Started GET "/manifest.json" for ::1 at 2025-03-15 19:39:36 -0500
  
ActionController::RoutingError (No route matches [GET] "/manifest.json"):
  
Started GET "/manifest.json" for ::1 at 2025-03-15 19:39:37 -0500
  
ActionController::RoutingError (No route matches [GET] "/manifest.json"):
  
Started GET "/about" for ::1 at 2025-03-15 19:39:51 -0500
Processing by PagesController#about as HTML
  Rendering layout layouts/application.html.erb
  Rendering pages/about.html.erb within layouts/application
  Rendered pages/about.html.erb within layouts/application (Duration: 1.2ms | GC: 0.4ms)
  Rendered layout layouts/application.html.erb (Duration: 3.7ms | GC: 0.4ms)
Completed 200 OK in 7ms (Views: 4.9ms | ActiveRecord: 0.0ms (0 queries, 0 cached) | GC: 0.4ms)


Started GET "/manifest.json" for ::1 at 2025-03-15 19:39:51 -0500
  
ActionController::RoutingError (No route matches [GET] "/manifest.json"):
  
Started GET "/products/1" for ::1 at 2025-03-15 19:40:18 -0500
Processing by ProductsController#show as HTML
  Parameters: {"id"=>"1"}
  Rendering layout layouts/application.html.erb
  Rendering products/show.html.erb within layouts/application
  Rendered products/show.html.erb within layouts/application (Duration: 0.2ms | GC: 0.0ms)
  Rendered layout layouts/application.html.erb (Duration: 11.7ms | GC: 1.0ms)
Completed 200 OK in 16ms (Views: 13.6ms | ActiveRecord: 0.0ms (0 queries, 0 cached) | GC: 1.0ms)


Started GET "/manifest.json" for ::1 at 2025-03-15 19:40:18 -0500
  
ActionController::RoutingError (No route matches [GET] "/manifest.json"):
  
Started GET "/products/1" for ::1 at 2025-03-15 19:43:31 -0500
  [1m[36mActiveRecord::SchemaMigration Load (0.1ms)[0m  [1m[34mSELECT "schema_migrations"."version" FROM "schema_migrations" ORDER BY "schema_migrations"."version" ASC[0m
Processing by ProductsController#show as HTML
  Parameters: {"id"=>"1"}
  [1m[36mProduct Load (0.1ms)[0m  [1m[34mSELECT "products".* FROM "products" WHERE "products"."id" = ? LIMIT ?[0m  [["id", 1], ["LIMIT", 1]]
  ↳ app/controllers/products_controller.rb:3:in `show'
  Rendering layout layouts/application.html.erb
  Rendering products/show.html.erb within layouts/application
  Rendered products/show.html.erb within layouts/application (Duration: 0.2ms | GC: 0.0ms)
  Rendered layout layouts/application.html.erb (Duration: 77.7ms | GC: 37.1ms)
Completed 200 OK in 109ms (Views: 81.4ms | ActiveRecord: 1.8ms (1 query, 0 cached) | GC: 38.4ms)


Started GET "/manifest.json" for ::1 at 2025-03-15 19:43:31 -0500
  
ActionController::RoutingError (No route matches [GET] "/manifest.json"):
  
Started GET "/manifest.json" for ::1 at 2025-03-16 14:30:25 -0500
  
ActionController::RoutingError (No route matches [GET] "/manifest.json"):
  
Started GET "/products/1" for ::1 at 2025-03-16 16:28:24 -0500
  [1m[36mActiveRecord::SchemaMigration Load (0.1ms)[0m  [1m[34mSELECT "schema_migrations"."version" FROM "schema_migrations" ORDER BY "schema_migrations"."version" ASC[0m
Processing by ProductsController#show as HTML
  Parameters: {"id"=>"1"}
  [1m[36mProduct Load (0.7ms)[0m  [1m[34mSELECT "products".* FROM "products" WHERE "products"."id" = ? LIMIT ?[0m  [["id", 1], ["LIMIT", 1]]
  ↳ app/controllers/products_controller.rb:3:in `show'
  Rendering layout layouts/application.html.erb
  Rendering products/show.html.erb within layouts/application
  Rendered products/show.html.erb within layouts/application (Duration: 0.4ms | GC: 0.0ms)
  Rendered layout layouts/application.html.erb (Duration: 92.1ms | GC: 40.9ms)
Completed 200 OK in 143ms (Views: 97.0ms | ActiveRecord: 1.9ms (1 query, 0 cached) | GC: 42.9ms)


Started GET "/manifest.json" for ::1 at 2025-03-16 16:28:24 -0500
  
ActionController::RoutingError (No route matches [GET] "/manifest.json"):
  
Started GET "/products/1" for ::1 at 2025-03-16 16:30:18 -0500
  [1m[36mActiveRecord::SchemaMigration Load (0.1ms)[0m  [1m[34mSELECT "schema_migrations"."version" FROM "schema_migrations" ORDER BY "schema_migrations"."version" ASC[0m
Processing by ProductsController#show as HTML
  Parameters: {"id"=>"1"}
  [1m[36mProduct Load (0.2ms)[0m  [1m[34mSELECT "products".* FROM "products" WHERE "products"."id" = ? LIMIT ?[0m  [["id", 1], ["LIMIT", 1]]
  ↳ app/controllers/products_controller.rb:3:in `show'
  Rendering layout layouts/application.html.erb
  Rendering products/show.html.erb within layouts/application
  Rendered products/show.html.erb within layouts/application (Duration: 8.7ms | GC: 0.6ms)
  Rendered layout layouts/application.html.erb (Duration: 9.2ms | GC: 0.6ms)
Completed 500 Internal Server Error in 44ms (ActiveRecord: 1.7ms (1 query, 0 cached) | GC: 2.6ms)


  
ActionView::Template::Error (undefined method `category' for #<Product id: 1, name: "Laptop", price: 0.99999e3, stock_quantity: 10, created_at: "2025-03-15 23:12:49.510981000 +0000", updated_at: "2025-03-15 23:12:49.510981000 +0000">):

Causes:
NoMethodError (undefined method `category' for #<Product id: 1, name: "Laptop", price: 0.99999e3, stock_quantity: 10, created_at: "2025-03-15 23:12:49.510981000 +0000", updated_at: "2025-03-15 23:12:49.510981000 +0000">)
    1: <h1><%= @product.name %></h1>
    2: <p><strong>Price:</strong> $<%= @product.price %></p>
    3: <p><strong>Stock:</strong> <%= @product.stock_quantity %> available</p>
    4: <p><strong>Category:</strong> <%= @product.category %></p>
    5: 
    6: <a href="/products">Back to Products</a>
  
app/views/products/show.html.erb:4
Started GET "/favicon.ico" for ::1 at 2025-03-16 16:30:19 -0500
  
ActionController::RoutingError (No route matches [GET] "/favicon.ico"):
  
  [1m[36mActiveRecord::SchemaMigration Load (0.1ms)[0m  [1m[34mSELECT "schema_migrations"."version" FROM "schema_migrations" ORDER BY "schema_migrations"."version" ASC[0m
  [1m[36mActiveRecord::InternalMetadata Load (0.1ms)[0m  [1m[34mSELECT * FROM "ar_internal_metadata" WHERE "ar_internal_metadata"."key" = ? ORDER BY "ar_internal_metadata"."key" ASC LIMIT 1[0m  [[nil, "environment"]]
  [1m[36mActiveRecord::SchemaMigration Load (0.1ms)[0m  [1m[34mSELECT "schema_migrations"."version" FROM "schema_migrations" ORDER BY "schema_migrations"."version" ASC[0m
Migrating to AddCategoryToProducts (20250316213103)
  [1m[36mTRANSACTION (0.1ms)[0m  [1m[36mbegin transaction[0m
  [1m[35m (1.4ms)[0m  [1m[35mALTER TABLE "products" ADD "category" varchar[0m
  [1m[36mActiveRecord::SchemaMigration Create (0.1ms)[0m  [1m[32mINSERT INTO "schema_migrations" ("version") VALUES ('20250316213103') RETURNING "version"[0m
  [1m[36mTRANSACTION (7.7ms)[0m  [1m[36mcommit transaction[0m
  [1m[36mActiveRecord::SchemaMigration Load (0.1ms)[0m  [1m[34mSELECT "schema_migrations"."version" FROM "schema_migrations" ORDER BY "schema_migrations"."version" ASC[0m
  [1m[36mProduct Load (1.1ms)[0m  [1m[34mSELECT "products".* FROM "products" /* loading for pp */ LIMIT ?[0m  [["LIMIT", 11]]
  [1m[36mProduct Load (0.3ms)[0m  [1m[34mSELECT "products".* FROM "products" WHERE "products"."id" = ? LIMIT ?[0m  [["id", 1], ["LIMIT", 1]]
  [1m[36mTRANSACTION (0.1ms)[0m  [1m[36mbegin transaction[0m
  [1m[36mProduct Update (0.6ms)[0m  [1m[33mUPDATE "products" SET "updated_at" = ?, "category" = ? WHERE "products"."id" = ?[0m  [["updated_at", "2025-03-16 21:41:48.204602"], ["category", "Electronics"], ["id", 1]]
  [1m[36mTRANSACTION (6.3ms)[0m  [1m[36mcommit transaction[0m
  [1m[36mProduct Load (0.2ms)[0m  [1m[34mSELECT "products".* FROM "products" WHERE "products"."id" = ? LIMIT ?[0m  [["id", 2], ["LIMIT", 1]]
  [1m[36mTRANSACTION (0.1ms)[0m  [1m[36mbegin transaction[0m
  [1m[36mProduct Update (0.5ms)[0m  [1m[33mUPDATE "products" SET "updated_at" = ?, "category" = ? WHERE "products"."id" = ?[0m  [["updated_at", "2025-03-16 21:41:48.216234"], ["category", "Accessories"], ["id", 2]]
  [1m[36mTRANSACTION (0.1ms)[0m  [1m[36mcommit transaction[0m
  [1m[36mProduct Load (0.1ms)[0m  [1m[34mSELECT "products".* FROM "products" WHERE "products"."id" = ? LIMIT ?[0m  [["id", 3], ["LIMIT", 1]]
  [1m[36mTRANSACTION (0.1ms)[0m  [1m[36mbegin transaction[0m
  [1m[36mProduct Update (0.4ms)[0m  [1m[33mUPDATE "products" SET "updated_at" = ?, "category" = ? WHERE "products"."id" = ?[0m  [["updated_at", "2025-03-16 21:41:48.219766"], ["category", "Computer Peripherals"], ["id", 3]]
  [1m[36mTRANSACTION (0.1ms)[0m  [1m[36mcommit transaction[0m
  [1m[36mProduct Load (0.2ms)[0m  [1m[34mSELECT "products".* FROM "products" /* loading for pp */ LIMIT ?[0m  [["LIMIT", 11]]
Started GET "/products/1" for ::1 at 2025-03-16 16:44:12 -0500
  [1m[36mActiveRecord::SchemaMigration Load (0.1ms)[0m  [1m[34mSELECT "schema_migrations"."version" FROM "schema_migrations" ORDER BY "schema_migrations"."version" ASC[0m
Processing by ProductsController#show as HTML
  Parameters: {"id"=>"1"}
  [1m[36mProduct Load (0.1ms)[0m  [1m[34mSELECT "products".* FROM "products" WHERE "products"."id" = ? LIMIT ?[0m  [["id", 1], ["LIMIT", 1]]
  ↳ app/controllers/products_controller.rb:3:in `show'
  Rendering layout layouts/application.html.erb
  Rendering products/show.html.erb within layouts/application
  Rendered products/show.html.erb within layouts/application (Duration: 0.7ms | GC: 0.0ms)
  Rendered layout layouts/application.html.erb (Duration: 100.0ms | GC: 43.0ms)
Completed 200 OK in 148ms (Views: 106.2ms | ActiveRecord: 1.3ms (1 query, 0 cached) | GC: 45.1ms)


Started GET "/manifest.json" for ::1 at 2025-03-16 16:44:12 -0500
  
ActionController::RoutingError (No route matches [GET] "/manifest.json"):
  
Started GET "/products" for ::1 at 2025-03-16 16:49:05 -0500
  [1m[36mActiveRecord::SchemaMigration Load (0.1ms)[0m  [1m[34mSELECT "schema_migrations"."version" FROM "schema_migrations" ORDER BY "schema_migrations"."version" ASC[0m
Processing by ProductsController#index as HTML
  Rendering layout layouts/application.html.erb
  Rendering products/index.html.erb within layouts/application
  [1m[36mProduct Load (0.9ms)[0m  [1m[34mSELECT "products".* FROM "products"[0m
  ↳ app/views/products/index.html.erb:10
  Rendered products/index.html.erb within layouts/application (Duration: 19.3ms | GC: 0.8ms)
  Rendered layout layouts/application.html.erb (Duration: 139.8ms | GC: 67.2ms)
Completed 200 OK in 157ms (Views: 140.3ms | ActiveRecord: 1.9ms (1 query, 0 cached) | GC: 68.1ms)


Started GET "/manifest.json" for ::1 at 2025-03-16 16:49:06 -0500
  
ActionController::RoutingError (No route matches [GET] "/manifest.json"):
  
Started GET "/products?query=Laptop" for ::1 at 2025-03-16 16:49:18 -0500
Processing by ProductsController#index as HTML
  Parameters: {"query"=>"Laptop"}
  Rendering layout layouts/application.html.erb
  Rendering products/index.html.erb within layouts/application
  [1m[36mProduct Load (0.5ms)[0m  [1m[34mSELECT "products".* FROM "products" WHERE (name ILIKE ?)[0m  [[nil, "%Laptop%"]]
  ↳ app/views/products/index.html.erb:10
  Rendered products/index.html.erb within layouts/application (Duration: 2.0ms | GC: 0.0ms)
  Rendered layout layouts/application.html.erb (Duration: 2.3ms | GC: 0.0ms)
Completed 500 Internal Server Error in 4ms (ActiveRecord: 0.5ms (1 query, 0 cached) | GC: 0.0ms)


  
ActionView::Template::Error (SQLite3::SQLException: near "ILIKE": syntax error):

Causes:
ActiveRecord::StatementInvalid (SQLite3::SQLException: near "ILIKE": syntax error)
SQLite3::SQLException (near "ILIKE": syntax error)
     7: </form>
     8: 
     9: <ul>
    10:   <% @products.each do |product| %>
    11:     <li>
    12:       <a href="/products/<%= product.id %>"><%= product.name %></a> - $<%= product.price %>
    13:     </li>
  
Started GET "/manifest.json" for ::1 at 2025-03-16 16:49:21 -0500
  
ActionController::RoutingError (No route matches [GET] "/manifest.json"):
  
Started GET "/products?query=Laptop" for ::1 at 2025-03-16 16:49:23 -0500
Processing by ProductsController#index as HTML
  Parameters: {"query"=>"Laptop"}
  Rendering layout layouts/application.html.erb
  Rendering products/index.html.erb within layouts/application
  [1m[36mProduct Load (0.7ms)[0m  [1m[34mSELECT "products".* FROM "products" WHERE (name ILIKE ?)[0m  [[nil, "%Laptop%"]]
  ↳ app/views/products/index.html.erb:10
  Rendered products/index.html.erb within layouts/application (Duration: 2.2ms | GC: 0.2ms)
  Rendered layout layouts/application.html.erb (Duration: 2.7ms | GC: 0.2ms)
Completed 500 Internal Server Error in 4ms (ActiveRecord: 0.7ms (1 query, 0 cached) | GC: 0.2ms)


  
ActionView::Template::Error (SQLite3::SQLException: near "ILIKE": syntax error):

Causes:
ActiveRecord::StatementInvalid (SQLite3::SQLException: near "ILIKE": syntax error)
SQLite3::SQLException (near "ILIKE": syntax error)
     7: </form>
     8: 
     9: <ul>
    10:   <% @products.each do |product| %>
    11:     <li>
    12:       <a href="/products/<%= product.id %>"><%= product.name %></a> - $<%= product.price %>
    13:     </li>
  
Started GET "/manifest.json" for ::1 at 2025-03-16 16:49:27 -0500
  
ActionController::RoutingError (No route matches [GET] "/manifest.json"):
  
Started GET "/products?query=Laptop" for ::1 at 2025-03-16 16:49:48 -0500
Processing by ProductsController#index as HTML
  Parameters: {"query"=>"Laptop"}
  Rendering layout layouts/application.html.erb
  Rendering products/index.html.erb within layouts/application
  [1m[36mProduct Load (0.6ms)[0m  [1m[34mSELECT "products".* FROM "products" WHERE (name ILIKE ?)[0m  [[nil, "%Laptop%"]]
  ↳ app/views/products/index.html.erb:10
  Rendered products/index.html.erb within layouts/application (Duration: 2.5ms | GC: 0.2ms)
  Rendered layout layouts/application.html.erb (Duration: 2.8ms | GC: 0.2ms)
Completed 500 Internal Server Error in 4ms (ActiveRecord: 0.6ms (1 query, 0 cached) | GC: 0.2ms)


  
ActionView::Template::Error (SQLite3::SQLException: near "ILIKE": syntax error):

Causes:
ActiveRecord::StatementInvalid (SQLite3::SQLException: near "ILIKE": syntax error)
SQLite3::SQLException (near "ILIKE": syntax error)
     7: </form>
     8: 
     9: <ul>
    10:   <% @products.each do |product| %>
    11:     <li>
    12:       <a href="/products/<%= product.id %>"><%= product.name %></a> - $<%= product.price %>
    13:     </li>
  
Started GET "/products" for ::1 at 2025-03-16 16:51:27 -0500
  [1m[36mActiveRecord::SchemaMigration Load (0.1ms)[0m  [1m[34mSELECT "schema_migrations"."version" FROM "schema_migrations" ORDER BY "schema_migrations"."version" ASC[0m
Processing by ProductsController#index as HTML
  Rendering layout layouts/application.html.erb
  Rendering products/index.html.erb within layouts/application
  [1m[36mProduct Load (0.8ms)[0m  [1m[34mSELECT "products".* FROM "products"[0m
  ↳ app/views/products/index.html.erb:10
  Rendered products/index.html.erb within layouts/application (Duration: 12.3ms | GC: 0.6ms)
  Rendered layout layouts/application.html.erb (Duration: 107.6ms | GC: 46.5ms)
Completed 200 OK in 130ms (Views: 109.0ms | ActiveRecord: 2.0ms (1 query, 0 cached) | GC: 47.6ms)


Started GET "/manifest.json" for ::1 at 2025-03-16 16:51:27 -0500
  
ActionController::RoutingError (No route matches [GET] "/manifest.json"):
  
Started GET "/products/1" for ::1 at 2025-03-16 16:51:32 -0500
Processing by ProductsController#show as HTML
  Parameters: {"id"=>"1"}
  Rendering layout layouts/application.html.erb
  Rendering products/show.html.erb within layouts/application
  Rendered products/show.html.erb within layouts/application (Duration: 2.1ms | GC: 0.5ms)
  Rendered layout layouts/application.html.erb (Duration: 2.4ms | GC: 0.5ms)
Completed 500 Internal Server Error in 5ms (ActiveRecord: 0.0ms (0 queries, 0 cached) | GC: 0.5ms)


  
ActionView::Template::Error (undefined method `name' for nil:NilClass):

Causes:
NoMethodError (undefined method `name' for nil:NilClass)
    1: <h1><%= @product.name %></h1>
    2: <p><strong>Price:</strong> $<%= @product.price %></p>
    3: <p><strong>Stock:</strong> <%= @product.stock_quantity %> available</p>
    4: <p><strong>Category:</strong> <%= @product.category %></p>
  
app/views/products/show.html.erb:1
Started GET "/products/1" for ::1 at 2025-03-16 16:51:32 -0500
Processing by ProductsController#show as HTML
  Parameters: {"id"=>"1"}
  Rendering layout layouts/application.html.erb
  Rendering products/show.html.erb within layouts/application
  Rendered products/show.html.erb within layouts/application (Duration: 1.0ms | GC: 0.2ms)
  Rendered layout layouts/application.html.erb (Duration: 2.4ms | GC: 0.2ms)
Completed 500 Internal Server Error in 4ms (ActiveRecord: 0.0ms (0 queries, 0 cached) | GC: 0.3ms)


  
ActionView::Template::Error (undefined method `name' for nil:NilClass):

Causes:
NoMethodError (undefined method `name' for nil:NilClass)
    1: <h1><%= @product.name %></h1>
    2: <p><strong>Price:</strong> $<%= @product.price %></p>
    3: <p><strong>Stock:</strong> <%= @product.stock_quantity %> available</p>
    4: <p><strong>Category:</strong> <%= @product.category %></p>
  
app/views/products/show.html.erb:1
Started GET "/manifest.json" for ::1 at 2025-03-16 16:51:33 -0500
  
ActionController::RoutingError (No route matches [GET] "/manifest.json"):
  
Started GET "/products/2" for ::1 at 2025-03-16 16:51:35 -0500
Processing by ProductsController#show as HTML
  Parameters: {"id"=>"2"}
  Rendering layout layouts/application.html.erb
  Rendering products/show.html.erb within layouts/application
  Rendered products/show.html.erb within layouts/application (Duration: 1.6ms | GC: 0.3ms)
  Rendered layout layouts/application.html.erb (Duration: 2.0ms | GC: 0.3ms)
Completed 500 Internal Server Error in 4ms (ActiveRecord: 0.0ms (0 queries, 0 cached) | GC: 0.6ms)


  
ActionView::Template::Error (undefined method `name' for nil:NilClass):

Causes:
NoMethodError (undefined method `name' for nil:NilClass)
    1: <h1><%= @product.name %></h1>
    2: <p><strong>Price:</strong> $<%= @product.price %></p>
    3: <p><strong>Stock:</strong> <%= @product.stock_quantity %> available</p>
    4: <p><strong>Category:</strong> <%= @product.category %></p>
  
app/views/products/show.html.erb:1
Started GET "/products/2" for ::1 at 2025-03-16 16:51:35 -0500
Processing by ProductsController#show as HTML
  Parameters: {"id"=>"2"}
  Rendering layout layouts/application.html.erb
  Rendering products/show.html.erb within layouts/application
  Rendered products/show.html.erb within layouts/application (Duration: 1.3ms | GC: 0.1ms)
  Rendered layout layouts/application.html.erb (Duration: 1.6ms | GC: 0.1ms)
Completed 500 Internal Server Error in 3ms (ActiveRecord: 0.0ms (0 queries, 0 cached) | GC: 0.1ms)


  
ActionView::Template::Error (undefined method `name' for nil:NilClass):

Causes:
NoMethodError (undefined method `name' for nil:NilClass)
    1: <h1><%= @product.name %></h1>
    2: <p><strong>Price:</strong> $<%= @product.price %></p>
    3: <p><strong>Stock:</strong> <%= @product.stock_quantity %> available</p>
    4: <p><strong>Category:</strong> <%= @product.category %></p>
  
app/views/products/show.html.erb:1
Started GET "/manifest.json" for ::1 at 2025-03-16 16:51:38 -0500
  
ActionController::RoutingError (No route matches [GET] "/manifest.json"):
  
Started GET "/products/3" for ::1 at 2025-03-16 16:51:42 -0500
Processing by ProductsController#show as HTML
  Parameters: {"id"=>"3"}
  Rendering layout layouts/application.html.erb
  Rendering products/show.html.erb within layouts/application
  Rendered products/show.html.erb within layouts/application (Duration: 1.2ms | GC: 0.2ms)
  Rendered layout layouts/application.html.erb (Duration: 1.4ms | GC: 0.2ms)
Completed 500 Internal Server Error in 2ms (ActiveRecord: 0.0ms (0 queries, 0 cached) | GC: 0.2ms)


  
ActionView::Template::Error (undefined method `name' for nil:NilClass):

Causes:
NoMethodError (undefined method `name' for nil:NilClass)
    1: <h1><%= @product.name %></h1>
    2: <p><strong>Price:</strong> $<%= @product.price %></p>
    3: <p><strong>Stock:</strong> <%= @product.stock_quantity %> available</p>
    4: <p><strong>Category:</strong> <%= @product.category %></p>
  
app/views/products/show.html.erb:1
Started GET "/products/3" for ::1 at 2025-03-16 16:51:42 -0500
Processing by ProductsController#show as HTML
  Parameters: {"id"=>"3"}
  Rendering layout layouts/application.html.erb
  Rendering products/show.html.erb within layouts/application
  Rendered products/show.html.erb within layouts/application (Duration: 1.9ms | GC: 0.4ms)
  Rendered layout layouts/application.html.erb (Duration: 2.3ms | GC: 0.4ms)
Completed 500 Internal Server Error in 5ms (ActiveRecord: 0.0ms (0 queries, 0 cached) | GC: 0.7ms)


  
ActionView::Template::Error (undefined method `name' for nil:NilClass):

Causes:
NoMethodError (undefined method `name' for nil:NilClass)
    1: <h1><%= @product.name %></h1>
    2: <p><strong>Price:</strong> $<%= @product.price %></p>
    3: <p><strong>Stock:</strong> <%= @product.stock_quantity %> available</p>
    4: <p><strong>Category:</strong> <%= @product.category %></p>
  
app/views/products/show.html.erb:1
Started GET "/manifest.json" for ::1 at 2025-03-16 16:51:44 -0500
  
ActionController::RoutingError (No route matches [GET] "/manifest.json"):
  
Started GET "/products/1" for ::1 at 2025-03-16 16:51:50 -0500
Processing by ProductsController#show as HTML
  Parameters: {"id"=>"1"}
  Rendering layout layouts/application.html.erb
  Rendering products/show.html.erb within layouts/application
  Rendered products/show.html.erb within layouts/application (Duration: 1.5ms | GC: 0.3ms)
  Rendered layout layouts/application.html.erb (Duration: 1.8ms | GC: 0.3ms)
Completed 500 Internal Server Error in 3ms (ActiveRecord: 0.0ms (0 queries, 0 cached) | GC: 0.3ms)


  
ActionView::Template::Error (undefined method `name' for nil:NilClass):

Causes:
NoMethodError (undefined method `name' for nil:NilClass)
    1: <h1><%= @product.name %></h1>
    2: <p><strong>Price:</strong> $<%= @product.price %></p>
    3: <p><strong>Stock:</strong> <%= @product.stock_quantity %> available</p>
    4: <p><strong>Category:</strong> <%= @product.category %></p>
  
app/views/products/show.html.erb:1
Started GET "/products/1" for ::1 at 2025-03-16 16:51:50 -0500
Processing by ProductsController#show as HTML
  Parameters: {"id"=>"1"}
  Rendering layout layouts/application.html.erb
  Rendering products/show.html.erb within layouts/application
  Rendered products/show.html.erb within layouts/application (Duration: 1.8ms | GC: 0.2ms)
  Rendered layout layouts/application.html.erb (Duration: 2.8ms | GC: 0.2ms)
Completed 500 Internal Server Error in 5ms (ActiveRecord: 0.0ms (0 queries, 0 cached) | GC: 0.2ms)


  
ActionView::Template::Error (undefined method `name' for nil:NilClass):

Causes:
NoMethodError (undefined method `name' for nil:NilClass)
    1: <h1><%= @product.name %></h1>
    2: <p><strong>Price:</strong> $<%= @product.price %></p>
    3: <p><strong>Stock:</strong> <%= @product.stock_quantity %> available</p>
    4: <p><strong>Category:</strong> <%= @product.category %></p>
  
app/views/products/show.html.erb:1
Started GET "/products/1" for ::1 at 2025-03-16 16:54:55 -0500
  [1m[36mActiveRecord::SchemaMigration Load (0.2ms)[0m  [1m[34mSELECT "schema_migrations"."version" FROM "schema_migrations" ORDER BY "schema_migrations"."version" ASC[0m
Processing by ProductsController#show as HTML
  Parameters: {"id"=>"1"}
  [1m[36mProduct Load (0.2ms)[0m  [1m[34mSELECT "products".* FROM "products" WHERE "products"."id" = ? LIMIT ?[0m  [["id", 1], ["LIMIT", 1]]
  ↳ app/controllers/products_controller.rb:3:in `show'
  Rendering layout layouts/application.html.erb
  Rendering products/show.html.erb within layouts/application
  Rendered products/show.html.erb within layouts/application (Duration: 0.6ms | GC: 0.0ms)
  Rendered layout layouts/application.html.erb (Duration: 121.5ms | GC: 56.4ms)
Completed 200 OK in 177ms (Views: 127.9ms | ActiveRecord: 2.2ms (1 query, 0 cached) | GC: 58.1ms)


Started GET "/manifest.json" for ::1 at 2025-03-16 16:54:55 -0500
  
ActionController::RoutingError (No route matches [GET] "/manifest.json"):
  
Started GET "/products" for ::1 at 2025-03-16 16:57:27 -0500
  [1m[36mActiveRecord::SchemaMigration Load (0.2ms)[0m  [1m[34mSELECT "schema_migrations"."version" FROM "schema_migrations" ORDER BY "schema_migrations"."version" ASC[0m
Processing by ProductsController#index as HTML
  Rendering layout layouts/application.html.erb
  Rendering products/index.html.erb within layouts/application
  [1m[36mProduct Load (0.8ms)[0m  [1m[34mSELECT "products".* FROM "products"[0m
  ↳ app/views/products/index.html.erb:10
  Rendered products/index.html.erb within layouts/application (Duration: 11.0ms | GC: 0.6ms)
  Rendered layout layouts/application.html.erb (Duration: 118.6ms | GC: 48.1ms)
Completed 200 OK in 139ms (Views: 118.9ms | ActiveRecord: 2.0ms (1 query, 0 cached) | GC: 49.0ms)


Started GET "/manifest.json" for ::1 at 2025-03-16 16:57:27 -0500
  
ActionController::RoutingError (No route matches [GET] "/manifest.json"):
  
Started GET "/products?query=Laptop" for ::1 at 2025-03-16 16:57:33 -0500
Processing by ProductsController#index as HTML
  Parameters: {"query"=>"Laptop"}
  Rendering layout layouts/application.html.erb
  Rendering products/index.html.erb within layouts/application
  [1m[36mProduct Load (0.3ms)[0m  [1m[34mSELECT "products".* FROM "products" WHERE (LOWER(name) LIKE ?)[0m  [[nil, "%laptop%"]]
  ↳ app/views/products/index.html.erb:10
  Rendered products/index.html.erb within layouts/application (Duration: 1.8ms | GC: 0.1ms)
  Rendered layout layouts/application.html.erb (Duration: 3.3ms | GC: 0.1ms)
Completed 200 OK in 4ms (Views: 3.3ms | ActiveRecord: 0.3ms (1 query, 0 cached) | GC: 0.1ms)


Started GET "/manifest.json" for ::1 at 2025-03-16 16:57:33 -0500
  
ActionController::RoutingError (No route matches [GET] "/manifest.json"):
  
Started GET "/manifest.json" for ::1 at 2025-03-16 16:57:41 -0500
  
ActionController::RoutingError (No route matches [GET] "/manifest.json"):
  
Started GET "/products?query=Headphones" for ::1 at 2025-03-16 16:57:52 -0500
Processing by ProductsController#index as HTML
  Parameters: {"query"=>"Headphones"}
  Rendering layout layouts/application.html.erb
  Rendering products/index.html.erb within layouts/application
  [1m[36mProduct Load (0.5ms)[0m  [1m[34mSELECT "products".* FROM "products" WHERE (LOWER(name) LIKE ?)[0m  [[nil, "%headphones%"]]
  ↳ app/views/products/index.html.erb:10
  Rendered products/index.html.erb within layouts/application (Duration: 3.0ms | GC: 0.0ms)
  Rendered layout layouts/application.html.erb (Duration: 5.9ms | GC: 0.2ms)
Completed 200 OK in 7ms (Views: 5.9ms | ActiveRecord: 0.5ms (1 query, 0 cached) | GC: 0.2ms)


Started GET "/manifest.json" for ::1 at 2025-03-16 16:57:52 -0500
  
ActionController::RoutingError (No route matches [GET] "/manifest.json"):
  
Started GET "/products" for ::1 at 2025-03-16 17:11:03 -0500
  [1m[36mActiveRecord::SchemaMigration Load (0.1ms)[0m  [1m[34mSELECT "schema_migrations"."version" FROM "schema_migrations" ORDER BY "schema_migrations"."version" ASC[0m
Processing by ProductsController#index as HTML
  Rendering layout layouts/application.html.erb
  Rendering products/index.html.erb within layouts/application
  [1m[36mProduct Load (0.6ms)[0m  [1m[34mSELECT "products".* FROM "products"[0m
  ↳ app/views/products/index.html.erb:21
  Rendered products/index.html.erb within layouts/application (Duration: 8.0ms | GC: 0.5ms)
  Rendered layout layouts/application.html.erb (Duration: 86.8ms | GC: 37.5ms)
Completed 200 OK in 104ms (Views: 87.4ms | ActiveRecord: 1.3ms (1 query, 0 cached) | GC: 38.6ms)


Started GET "/manifest.json" for ::1 at 2025-03-16 17:11:04 -0500
  
ActionController::RoutingError (No route matches [GET] "/manifest.json"):
  
Started GET "/products?query=Electronics" for ::1 at 2025-03-16 17:11:38 -0500
Processing by ProductsController#index as HTML
  Parameters: {"query"=>"Electronics"}
  Rendering layout layouts/application.html.erb
  Rendering products/index.html.erb within layouts/application
  [1m[36mProduct Load (0.7ms)[0m  [1m[34mSELECT "products".* FROM "products" WHERE (LOWER(name) LIKE ?)[0m  [[nil, "%electronics%"]]
  ↳ app/views/products/index.html.erb:21
  Rendered products/index.html.erb within layouts/application (Duration: 2.9ms | GC: 0.0ms)
  Rendered layout layouts/application.html.erb (Duration: 6.7ms | GC: 0.0ms)
Completed 200 OK in 8ms (Views: 6.7ms | ActiveRecord: 0.6ms (1 query, 0 cached) | GC: 0.0ms)


Started GET "/manifest.json" for ::1 at 2025-03-16 17:11:38 -0500
  
ActionController::RoutingError (No route matches [GET] "/manifest.json"):
  
Started GET "/products?query=Electronics" for ::1 at 2025-03-16 17:11:43 -0500
Processing by ProductsController#index as HTML
  Parameters: {"query"=>"Electronics"}
  Rendering layout layouts/application.html.erb
  Rendering products/index.html.erb within layouts/application
  [1m[36mProduct Load (0.3ms)[0m  [1m[34mSELECT "products".* FROM "products" WHERE (LOWER(name) LIKE ?)[0m  [[nil, "%electronics%"]]
  ↳ app/views/products/index.html.erb:21
  Rendered products/index.html.erb within layouts/application (Duration: 1.2ms | GC: 0.0ms)
  Rendered layout layouts/application.html.erb (Duration: 3.1ms | GC: 0.2ms)
Completed 200 OK in 4ms (Views: 3.2ms | ActiveRecord: 0.2ms (1 query, 0 cached) | GC: 0.2ms)


Started GET "/manifest.json" for ::1 at 2025-03-16 17:11:43 -0500
  
ActionController::RoutingError (No route matches [GET] "/manifest.json"):
  
Started GET "/products?query=Laptop" for ::1 at 2025-03-16 17:11:53 -0500
Processing by ProductsController#index as HTML
  Parameters: {"query"=>"Laptop"}
  Rendering layout layouts/application.html.erb
  Rendering products/index.html.erb within layouts/application
  [1m[36mProduct Load (3.5ms)[0m  [1m[34mSELECT "products".* FROM "products" WHERE (LOWER(name) LIKE ?)[0m  [[nil, "%laptop%"]]
  ↳ app/views/products/index.html.erb:21
  Rendered products/index.html.erb within layouts/application (Duration: 5.6ms | GC: 0.0ms)
  Rendered layout layouts/application.html.erb (Duration: 8.2ms | GC: 0.0ms)
Completed 200 OK in 10ms (Views: 5.3ms | ActiveRecord: 3.4ms (1 query, 0 cached) | GC: 0.3ms)


Started GET "/manifest.json" for ::1 at 2025-03-16 17:11:53 -0500
  
ActionController::RoutingError (No route matches [GET] "/manifest.json"):
  
Started GET "/products" for ::1 at 2025-03-16 17:15:54 -0500
  [1m[36mActiveRecord::SchemaMigration Load (0.1ms)[0m  [1m[34mSELECT "schema_migrations"."version" FROM "schema_migrations" ORDER BY "schema_migrations"."version" ASC[0m
Processing by ProductsController#index as HTML
  Rendering layout layouts/application.html.erb
  Rendering products/index.html.erb within layouts/application
  [1m[36mProduct Load (1.0ms)[0m  [1m[34mSELECT "products".* FROM "products" LIMIT ? OFFSET ?[0m  [["LIMIT", 5], ["OFFSET", 0]]
  ↳ app/views/products/index.html.erb:21
  Rendered products/index.html.erb within layouts/application (Duration: 8.1ms | GC: 0.4ms)
  Rendered layout layouts/application.html.erb (Duration: 91.9ms | GC: 41.1ms)
Completed 200 OK in 109ms (Views: 93.5ms | ActiveRecord: 1.8ms (1 query, 0 cached) | GC: 42.3ms)


Started GET "/manifest.json" for ::1 at 2025-03-16 17:15:54 -0500
  
ActionController::RoutingError (No route matches [GET] "/manifest.json"):
  
Started GET "/products" for 127.0.0.1 at 2025-03-16 18:54:26 -0500
  [1m[36mActiveRecord::SchemaMigration Load (0.1ms)[0m  [1m[34mSELECT "schema_migrations"."version" FROM "schema_migrations" ORDER BY "schema_migrations"."version" ASC[0m
Processing by ProductsController#index as HTML
  Rendering layout layouts/application.html.erb
  Rendering products/index.html.erb within layouts/application
  [1m[36mProduct Load (1.0ms)[0m  [1m[34mSELECT "products".* FROM "products" LIMIT ? OFFSET ?[0m  [["LIMIT", 5], ["OFFSET", 0]]
  ↳ app/views/products/index.html.erb:13
  Rendered products/index.html.erb within layouts/application (Duration: 7.3ms | GC: 0.5ms)
  Rendered layout layouts/application.html.erb (Duration: 9.7ms | GC: 0.5ms)
Completed 200 OK in 24ms (Views: 9.7ms | ActiveRecord: 1.7ms (1 query, 0 cached) | GC: 1.2ms)


Started GET "/manifest.json" for 127.0.0.1 at 2025-03-16 18:54:26 -0500
  
ActionController::RoutingError (No route matches [GET] "/manifest.json"):
  
Started GET "/products/1" for 127.0.0.1 at 2025-03-16 18:54:58 -0500
Processing by ProductsController#show as HTML
  Parameters: {"id"=>"1"}
  Rendering layout layouts/application.html.erb
  Rendering products/show.html.erb within layouts/application
  Rendered products/show.html.erb within layouts/application (Duration: 1.0ms | GC: 0.0ms)
  Rendered layout layouts/application.html.erb (Duration: 1.3ms | GC: 0.0ms)
Completed 500 Internal Server Error in 2ms (ActiveRecord: 0.0ms (0 queries, 0 cached) | GC: 0.0ms)


  
ActionView::Template::Error (undefined method `name' for nil:NilClass):

Causes:
NoMethodError (undefined method `name' for nil:NilClass)
    1: <h1><%= @product.name %></h1>
    2: <p><strong>Price:</strong> $<%= @product.price %></p>
    3: <p><strong>Stock:</strong> <%= @product.stock_quantity %> available</p>
    4: <p><strong>Category:</strong> <%= @product.category %></p>
  
app/views/products/show.html.erb:1
Started GET "/favicon.ico" for 127.0.0.1 at 2025-03-16 18:54:58 -0500
  
ActionController::RoutingError (No route matches [GET] "/favicon.ico"):
  
Started GET "/manifest.json" for 127.0.0.1 at 2025-03-16 18:55:01 -0500
  
ActionController::RoutingError (No route matches [GET] "/manifest.json"):
  
Started GET "/products/2" for 127.0.0.1 at 2025-03-16 18:55:02 -0500
Processing by ProductsController#show as HTML
  Parameters: {"id"=>"2"}
  Rendering layout layouts/application.html.erb
  Rendering products/show.html.erb within layouts/application
  Rendered products/show.html.erb within layouts/application (Duration: 0.9ms | GC: 0.2ms)
  Rendered layout layouts/application.html.erb (Duration: 1.1ms | GC: 0.2ms)
Completed 500 Internal Server Error in 2ms (ActiveRecord: 0.0ms (0 queries, 0 cached) | GC: 0.2ms)


  
ActionView::Template::Error (undefined method `name' for nil:NilClass):

Causes:
NoMethodError (undefined method `name' for nil:NilClass)
    1: <h1><%= @product.name %></h1>
    2: <p><strong>Price:</strong> $<%= @product.price %></p>
    3: <p><strong>Stock:</strong> <%= @product.stock_quantity %> available</p>
    4: <p><strong>Category:</strong> <%= @product.category %></p>
  
app/views/products/show.html.erb:1
Started GET "/manifest.json" for 127.0.0.1 at 2025-03-16 18:55:04 -0500
  
ActionController::RoutingError (No route matches [GET] "/manifest.json"):
  
Started GET "/products/3" for 127.0.0.1 at 2025-03-16 18:55:05 -0500
Processing by ProductsController#show as HTML
  Parameters: {"id"=>"3"}
  Rendering layout layouts/application.html.erb
  Rendering products/show.html.erb within layouts/application
  Rendered products/show.html.erb within layouts/application (Duration: 1.3ms | GC: 0.3ms)
  Rendered layout layouts/application.html.erb (Duration: 1.5ms | GC: 0.3ms)
Completed 500 Internal Server Error in 2ms (ActiveRecord: 0.0ms (0 queries, 0 cached) | GC: 0.3ms)


  
ActionView::Template::Error (undefined method `name' for nil:NilClass):

Causes:
NoMethodError (undefined method `name' for nil:NilClass)
    1: <h1><%= @product.name %></h1>
    2: <p><strong>Price:</strong> $<%= @product.price %></p>
    3: <p><strong>Stock:</strong> <%= @product.stock_quantity %> available</p>
    4: <p><strong>Category:</strong> <%= @product.category %></p>
  
app/views/products/show.html.erb:1
Started GET "/manifest.json" for 127.0.0.1 at 2025-03-16 18:55:06 -0500
  
ActionController::RoutingError (No route matches [GET] "/manifest.json"):
  
Started GET "/products/1" for 127.0.0.1 at 2025-03-16 18:55:32 -0500
Processing by ProductsController#show as HTML
  Parameters: {"id"=>"1"}
  Rendering layout layouts/application.html.erb
  Rendering products/show.html.erb within layouts/application
  Rendered products/show.html.erb within layouts/application (Duration: 1.8ms | GC: 0.3ms)
  Rendered layout layouts/application.html.erb (Duration: 2.1ms | GC: 0.3ms)
Completed 500 Internal Server Error in 3ms (ActiveRecord: 0.0ms (0 queries, 0 cached) | GC: 0.5ms)


  
ActionView::Template::Error (undefined method `name' for nil:NilClass):

Causes:
NoMethodError (undefined method `name' for nil:NilClass)
    1: <h1><%= @product.name %></h1>
    2: <p><strong>Price:</strong> $<%= @product.price %></p>
    3: <p><strong>Stock:</strong> <%= @product.stock_quantity %> available</p>
    4: <p><strong>Category:</strong> <%= @product.category %></p>
  
app/views/products/show.html.erb:1
  [1m[36mProduct Load (1.8ms)[0m  [1m[34mSELECT "products".* FROM "products" /* loading for pp */ LIMIT ?[0m  [["LIMIT", 11]]
Started GET "/products" for 127.0.0.1 at 2025-03-16 19:03:03 -0500
  [1m[36mActiveRecord::SchemaMigration Load (0.1ms)[0m  [1m[34mSELECT "schema_migrations"."version" FROM "schema_migrations" ORDER BY "schema_migrations"."version" ASC[0m
Processing by ProductsController#index as HTML
  Rendering layout layouts/application.html.erb
  Rendering products/index.html.erb within layouts/application
  [1m[36mProduct Load (0.6ms)[0m  [1m[34mSELECT "products".* FROM "products" LIMIT ? OFFSET ?[0m  [["LIMIT", 5], ["OFFSET", 0]]
  ↳ app/views/products/index.html.erb:15
  Rendered products/index.html.erb within layouts/application (Duration: 8.0ms | GC: 0.6ms)
  Rendered layout layouts/application.html.erb (Duration: 11.8ms | GC: 0.7ms)
Completed 200 OK in 29ms (Views: 12.1ms | ActiveRecord: 1.0ms (1 query, 0 cached) | GC: 1.5ms)


Started GET "/manifest.json" for 127.0.0.1 at 2025-03-16 19:03:03 -0500
  
ActionController::RoutingError (No route matches [GET] "/manifest.json"):
  
Started GET "/%22/products/1/%22" for 127.0.0.1 at 2025-03-16 19:03:14 -0500
  
ActionController::RoutingError (No route matches [GET] "/%22/products/1/%22"):
  
Started GET "/manifest.json" for 127.0.0.1 at 2025-03-16 19:03:18 -0500
  
ActionController::RoutingError (No route matches [GET] "/manifest.json"):
  
Started GET "/%22/products/2/%22" for 127.0.0.1 at 2025-03-16 19:03:19 -0500
  
ActionController::RoutingError (No route matches [GET] "/%22/products/2/%22"):
  
Started GET "/manifest.json" for 127.0.0.1 at 2025-03-16 19:03:21 -0500
  
ActionController::RoutingError (No route matches [GET] "/manifest.json"):
  
Started GET "/%22/products/3/%22" for 127.0.0.1 at 2025-03-16 19:03:22 -0500
  
ActionController::RoutingError (No route matches [GET] "/%22/products/3/%22"):
  
Started GET "/manifest.json" for 127.0.0.1 at 2025-03-16 19:03:23 -0500
  
ActionController::RoutingError (No route matches [GET] "/manifest.json"):
  
Started GET "/products" for ::1 at 2025-03-16 19:09:25 -0500
  [1m[36mActiveRecord::SchemaMigration Load (0.1ms)[0m  [1m[34mSELECT "schema_migrations"."version" FROM "schema_migrations" ORDER BY "schema_migrations"."version" ASC[0m
Processing by ProductsController#index as HTML
  Rendering layout layouts/application.html.erb
  Rendering products/index.html.erb within layouts/application
  [1m[36mProduct Load (0.8ms)[0m  [1m[34mSELECT "products".* FROM "products" LIMIT ? OFFSET ?[0m  [["LIMIT", 5], ["OFFSET", 0]]
  ↳ app/views/products/index.html.erb:17
  Rendered products/index.html.erb within layouts/application (Duration: 9.6ms | GC: 0.8ms)
  Rendered layout layouts/application.html.erb (Duration: 14.1ms | GC: 1.0ms)
Completed 200 OK in 33ms (Views: 14.8ms | ActiveRecord: 1.5ms (1 query, 0 cached) | GC: 1.8ms)


Started GET "/manifest.json" for ::1 at 2025-03-16 19:09:25 -0500
  
ActionController::RoutingError (No route matches [GET] "/manifest.json"):
  
Started GET "/products/1" for ::1 at 2025-03-16 19:09:24 -0500
Processing by ProductsController#show as HTML
  Parameters: {"id"=>"1"}
  Rendering layout layouts/application.html.erb
  Rendering products/show.html.erb within layouts/application
  Rendered products/show.html.erb within layouts/application (Duration: 1.2ms | GC: 0.1ms)
  Rendered layout layouts/application.html.erb (Duration: 1.4ms | GC: 0.1ms)
Completed 500 Internal Server Error in 2ms (ActiveRecord: 0.0ms (0 queries, 0 cached) | GC: 0.1ms)


  
ActionView::Template::Error (undefined method `name' for nil:NilClass):

Causes:
NoMethodError (undefined method `name' for nil:NilClass)
    1: <h1><%= @product.name %></h1>
    2: 
    3: <p><strong>Price:</strong> $<%= @product.price %></p>
    4: <p><strong>Category:</strong> <%= @product.category %></p>
  
app/views/products/show.html.erb:1
Started GET "/manifest.json" for ::1 at 2025-03-16 19:09:28 -0500
  
ActionController::RoutingError (No route matches [GET] "/manifest.json"):
  
Started GET "/products/2" for ::1 at 2025-03-16 19:09:29 -0500
Processing by ProductsController#show as HTML
  Parameters: {"id"=>"2"}
  Rendering layout layouts/application.html.erb
  Rendering products/show.html.erb within layouts/application
  Rendered products/show.html.erb within layouts/application (Duration: 2.1ms | GC: 0.2ms)
  Rendered layout layouts/application.html.erb (Duration: 2.6ms | GC: 0.2ms)
Completed 500 Internal Server Error in 3ms (ActiveRecord: 0.0ms (0 queries, 0 cached) | GC: 0.2ms)


  
ActionView::Template::Error (undefined method `name' for nil:NilClass):

Causes:
NoMethodError (undefined method `name' for nil:NilClass)
    1: <h1><%= @product.name %></h1>
    2: 
    3: <p><strong>Price:</strong> $<%= @product.price %></p>
    4: <p><strong>Category:</strong> <%= @product.category %></p>
  
app/views/products/show.html.erb:1
Started GET "/manifest.json" for ::1 at 2025-03-16 19:11:04 -0500
  [1m[36mActiveRecord::SchemaMigration Load (0.1ms)[0m  [1m[34mSELECT "schema_migrations"."version" FROM "schema_migrations" ORDER BY "schema_migrations"."version" ASC[0m
  
ActionController::RoutingError (No route matches [GET] "/manifest.json"):
  
Started GET "/products" for ::1 at 2025-03-16 19:11:13 -0500
Processing by ProductsController#index as HTML
  Rendering layout layouts/application.html.erb
  Rendering products/index.html.erb within layouts/application
  Rendered products/index.html.erb within layouts/application (Duration: 4.3ms | GC: 3.0ms)
  Rendered layout layouts/application.html.erb (Duration: 4.7ms | GC: 3.0ms)
Completed 500 Internal Server Error in 33ms (ActiveRecord: 0.0ms (0 queries, 0 cached) | GC: 23.5ms)


  
ActionView::Template::Error (undefined method `each' for nil:NilClass):

Causes:
NoMethodError (undefined method `each' for nil:NilClass)
    14: 
    15: <!-- Product List -->
    16: <div class="row">
    17:   <% @products.each do |product| %>
    18:     <div class="col-md-4">
    19:       <div class="card mb-3">
    20:         <div class="card-body">
  
app/views/products/index.html.erb:17
Started GET "/products/1" for ::1 at 2025-03-16 19:11:24 -0500
Processing by ProductsController#show as HTML
  Parameters: {"id"=>"1"}
  [1m[36mProduct Load (0.3ms)[0m  [1m[34mSELECT "products".* FROM "products" WHERE "products"."id" = ? LIMIT ?[0m  [["id", 1], ["LIMIT", 1]]
  ↳ app/controllers/products_controller.rb:3:in `show'
  Rendering layout layouts/application.html.erb
  Rendering products/show.html.erb within layouts/application
  Rendered products/show.html.erb within layouts/application (Duration: 0.8ms | GC: 0.0ms)
  Rendered layout layouts/application.html.erb (Duration: 2.3ms | GC: 0.0ms)
Completed 200 OK in 33ms (Views: 2.8ms | ActiveRecord: 4.2ms (1 query, 0 cached) | GC: 2.3ms)


Started GET "/manifest.json" for ::1 at 2025-03-16 19:11:24 -0500
  
ActionController::RoutingError (No route matches [GET] "/manifest.json"):
  
Started GET "/products" for ::1 at 2025-03-16 19:11:27 -0500
Processing by ProductsController#index as HTML
  Rendering layout layouts/application.html.erb
  Rendering products/index.html.erb within layouts/application
  Rendered products/index.html.erb within layouts/application (Duration: 1.0ms | GC: 0.1ms)
  Rendered layout layouts/application.html.erb (Duration: 1.2ms | GC: 0.1ms)
Completed 500 Internal Server Error in 2ms (ActiveRecord: 0.0ms (0 queries, 0 cached) | GC: 0.1ms)


  
ActionView::Template::Error (undefined method `each' for nil:NilClass):

Causes:
NoMethodError (undefined method `each' for nil:NilClass)
    14: 
    15: <!-- Product List -->
    16: <div class="row">
    17:   <% @products.each do |product| %>
    18:     <div class="col-md-4">
    19:       <div class="card mb-3">
    20:         <div class="card-body">
  
app/views/products/index.html.erb:17
Started GET "/manifest.json" for ::1 at 2025-03-16 19:25:38 -0500
  
ActionController::RoutingError (No route matches [GET] "/manifest.json"):
  
Started GET "/products" for ::1 at 2025-03-16 19:30:46 -0500
  [1m[36mActiveRecord::SchemaMigration Load (0.5ms)[0m  [1m[34mSELECT "schema_migrations"."version" FROM "schema_migrations" ORDER BY "schema_migrations"."version" ASC[0m
Processing by ProductsController#index as HTML
  Rendering layout layouts/application.html.erb
  Rendering products/index.html.erb within layouts/application
  [1m[36mProduct Load (0.7ms)[0m  [1m[34mSELECT "products".* FROM "products"[0m
  ↳ app/views/products/index.html.erb:13
  Rendered products/index.html.erb within layouts/application (Duration: 13.0ms | GC: 1.0ms)
  Rendered layout layouts/application.html.erb (Duration: 17.2ms | GC: 1.2ms)
Completed 200 OK in 42ms (Views: 16.8ms | ActiveRecord: 2.3ms (1 query, 0 cached) | GC: 2.3ms)


Started GET "/manifest.json" for ::1 at 2025-03-16 19:30:46 -0500
  
ActionController::RoutingError (No route matches [GET] "/manifest.json"):
  
Started GET "/products/1" for ::1 at 2025-03-16 19:30:48 -0500
Processing by ProductsController#show as HTML
  Parameters: {"id"=>"1"}
  [1m[36mProduct Load (0.1ms)[0m  [1m[34mSELECT "products".* FROM "products" WHERE "products"."id" = ? LIMIT ?[0m  [["id", 1], ["LIMIT", 1]]
  ↳ app/controllers/products_controller.rb:11:in `show'
  Rendering layout layouts/application.html.erb
  Rendering products/show.html.erb within layouts/application
  Rendered products/show.html.erb within layouts/application (Duration: 0.4ms | GC: 0.0ms)
  Rendered layout layouts/application.html.erb (Duration: 1.1ms | GC: 0.0ms)
Completed 200 OK in 4ms (Views: 1.4ms | ActiveRecord: 0.1ms (1 query, 0 cached) | GC: 0.2ms)


Started GET "/manifest.json" for ::1 at 2025-03-16 19:30:48 -0500
  
ActionController::RoutingError (No route matches [GET] "/manifest.json"):
  
Started GET "/manifest.json" for ::1 at 2025-03-16 19:30:51 -0500
  
ActionController::RoutingError (No route matches [GET] "/manifest.json"):
  
Started GET "/products/2" for ::1 at 2025-03-16 19:30:53 -0500
Processing by ProductsController#show as HTML
  Parameters: {"id"=>"2"}
  [1m[36mProduct Load (0.1ms)[0m  [1m[34mSELECT "products".* FROM "products" WHERE "products"."id" = ? LIMIT ?[0m  [["id", 2], ["LIMIT", 1]]
  ↳ app/controllers/products_controller.rb:11:in `show'
  Rendering layout layouts/application.html.erb
  Rendering products/show.html.erb within layouts/application
  Rendered products/show.html.erb within layouts/application (Duration: 0.2ms | GC: 0.0ms)
  Rendered layout layouts/application.html.erb (Duration: 1.3ms | GC: 0.2ms)
Completed 200 OK in 3ms (Views: 1.6ms | ActiveRecord: 0.1ms (1 query, 0 cached) | GC: 0.2ms)


Started GET "/manifest.json" for ::1 at 2025-03-16 19:30:53 -0500
  
ActionController::RoutingError (No route matches [GET] "/manifest.json"):
  
Started GET "/products" for ::1 at 2025-03-16 19:30:53 -0500
Processing by ProductsController#index as HTML
  Rendering layout layouts/application.html.erb
  Rendering products/index.html.erb within layouts/application
  [1m[36mProduct Load (0.2ms)[0m  [1m[34mSELECT "products".* FROM "products"[0m
  ↳ app/views/products/index.html.erb:13
  Rendered products/index.html.erb within layouts/application (Duration: 3.2ms | GC: 0.0ms)
  Rendered layout layouts/application.html.erb (Duration: 4.3ms | GC: 0.0ms)
Completed 200 OK in 6ms (Views: 5.2ms | ActiveRecord: 0.2ms (1 query, 0 cached) | GC: 0.5ms)


Started GET "/manifest.json" for ::1 at 2025-03-16 19:30:53 -0500
  
ActionController::RoutingError (No route matches [GET] "/manifest.json"):
  
Started GET "/products/3" for ::1 at 2025-03-16 19:30:55 -0500
Processing by ProductsController#show as HTML
  Parameters: {"id"=>"3"}
  [1m[36mProduct Load (0.1ms)[0m  [1m[34mSELECT "products".* FROM "products" WHERE "products"."id" = ? LIMIT ?[0m  [["id", 3], ["LIMIT", 1]]
  ↳ app/controllers/products_controller.rb:11:in `show'
  Rendering layout layouts/application.html.erb
  Rendering products/show.html.erb within layouts/application
  Rendered products/show.html.erb within layouts/application (Duration: 0.3ms | GC: 0.0ms)
  Rendered layout layouts/application.html.erb (Duration: 1.3ms | GC: 0.2ms)
Completed 200 OK in 4ms (Views: 1.7ms | ActiveRecord: 0.1ms (1 query, 0 cached) | GC: 0.2ms)


Started GET "/manifest.json" for ::1 at 2025-03-16 19:30:55 -0500
  
ActionController::RoutingError (No route matches [GET] "/manifest.json"):
  
Started GET "/manifest.json" for ::1 at 2025-03-16 19:30:57 -0500
  
ActionController::RoutingError (No route matches [GET] "/manifest.json"):
  
Started GET "/" for ::1 at 2025-03-16 19:31:55 -0500
Processing by ProductsController#index as HTML
  Rendering layout layouts/application.html.erb
  Rendering products/index.html.erb within layouts/application
  [1m[36mProduct Load (0.7ms)[0m  [1m[34mSELECT "products".* FROM "products"[0m
  ↳ app/views/products/index.html.erb:13
  Rendered products/index.html.erb within layouts/application (Duration: 5.1ms | GC: 0.0ms)
  Rendered layout layouts/application.html.erb (Duration: 8.5ms | GC: 0.9ms)
Completed 200 OK in 13ms (Views: 9.2ms | ActiveRecord: 0.7ms (1 query, 0 cached) | GC: 0.9ms)


Started GET "/manifest.json" for ::1 at 2025-03-16 19:31:55 -0500
  
ActionController::RoutingError (No route matches [GET] "/manifest.json"):
  
Started GET "/" for 127.0.0.1 at 2025-03-16 19:32:25 -0500
Processing by ProductsController#index as HTML
  Rendering layout layouts/application.html.erb
  Rendering products/index.html.erb within layouts/application
  [1m[36mProduct Load (0.2ms)[0m  [1m[34mSELECT "products".* FROM "products"[0m
  ↳ app/views/products/index.html.erb:13
  Rendered products/index.html.erb within layouts/application (Duration: 3.6ms | GC: 0.3ms)
  Rendered layout layouts/application.html.erb (Duration: 5.5ms | GC: 0.3ms)
Completed 200 OK in 7ms (Views: 5.9ms | ActiveRecord: 0.2ms (1 query, 0 cached) | GC: 0.3ms)


Started GET "/manifest.json" for 127.0.0.1 at 2025-03-16 19:32:25 -0500
  
ActionController::RoutingError (No route matches [GET] "/manifest.json"):
  
Started GET "/" for ::1 at 2025-03-16 19:32:40 -0500
Processing by ProductsController#index as HTML
  Rendering layout layouts/application.html.erb
  Rendering products/index.html.erb within layouts/application
  [1m[36mProduct Load (0.2ms)[0m  [1m[34mSELECT "products".* FROM "products"[0m
  ↳ app/views/products/index.html.erb:13
  Rendered products/index.html.erb within layouts/application (Duration: 3.8ms | GC: 0.0ms)
  Rendered layout layouts/application.html.erb (Duration: 5.9ms | GC: 0.0ms)
Completed 200 OK in 9ms (Views: 7.4ms | ActiveRecord: 0.2ms (1 query, 0 cached) | GC: 0.6ms)


Started GET "/manifest.json" for ::1 at 2025-03-16 19:32:40 -0500
  
ActionController::RoutingError (No route matches [GET] "/manifest.json"):
  
Started GET "/products/1" for ::1 at 2025-03-16 19:32:56 -0500
Processing by ProductsController#show as HTML
  Parameters: {"id"=>"1"}
  [1m[36mProduct Load (0.2ms)[0m  [1m[34mSELECT "products".* FROM "products" WHERE "products"."id" = ? LIMIT ?[0m  [["id", 1], ["LIMIT", 1]]
  ↳ app/controllers/products_controller.rb:11:in `show'
  Rendering layout layouts/application.html.erb
  Rendering products/show.html.erb within layouts/application
  Rendered products/show.html.erb within layouts/application (Duration: 0.4ms | GC: 0.0ms)
  Rendered layout layouts/application.html.erb (Duration: 2.1ms | GC: 0.3ms)
Completed 200 OK in 5ms (Views: 2.6ms | ActiveRecord: 0.2ms (1 query, 0 cached) | GC: 0.3ms)


Started GET "/manifest.json" for ::1 at 2025-03-16 19:32:56 -0500
  
ActionController::RoutingError (No route matches [GET] "/manifest.json"):
  
Started GET "/orders" for ::1 at 2025-03-16 19:33:14 -0500
Processing by OrdersController#index as HTML
  Rendering layout layouts/application.html.erb
  Rendering orders/index.html.erb within layouts/application
  [1m[36mOrder Load (1.6ms)[0m  [1m[34mSELECT "orders".* FROM "orders"[0m
  ↳ app/views/orders/index.html.erb:3
  [1m[36mUser Load (0.5ms)[0m  [1m[34mSELECT "users".* FROM "users" WHERE "users"."id" = ? LIMIT ?[0m  [["id", 1], ["LIMIT", 1]]
  ↳ app/views/orders/index.html.erb:5
  [1m[36mUser Load (0.0ms)[0m  [1m[34mSELECT "users".* FROM "users" WHERE "users"."id" = ? LIMIT ?[0m  [["id", 2], ["LIMIT", 1]]
  ↳ app/views/orders/index.html.erb:5
  Rendered orders/index.html.erb within layouts/application (Duration: 43.4ms | GC: 2.2ms)
  Rendered layout layouts/application.html.erb (Duration: 44.5ms | GC: 2.2ms)
Completed 200 OK in 61ms (Views: 41.2ms | ActiveRecord: 4.1ms (3 queries, 0 cached) | GC: 2.4ms)


Started GET "/manifest.json" for ::1 at 2025-03-16 19:33:14 -0500
  
ActionController::RoutingError (No route matches [GET] "/manifest.json"):
  
Started GET "/orders/1" for ::1 at 2025-03-16 19:33:37 -0500
Processing by OrdersController#show as HTML
  Parameters: {"id"=>"1"}
  [1m[36mOrder Load (0.3ms)[0m  [1m[34mSELECT "orders".* FROM "orders" WHERE "orders"."id" = ? LIMIT ?[0m  [["id", 1], ["LIMIT", 1]]
  ↳ app/controllers/orders_controller.rb:7:in `show'
  Rendering layout layouts/application.html.erb
  Rendering orders/show.html.erb within layouts/application
  [1m[36mUser Load (0.3ms)[0m  [1m[34mSELECT "users".* FROM "users" WHERE "users"."id" = ? LIMIT ?[0m  [["id", 1], ["LIMIT", 1]]
  ↳ app/views/orders/show.html.erb:2
  [1m[36mOrderItem Load (2.1ms)[0m  [1m[34mSELECT "order_items".* FROM "order_items" WHERE "order_items"."order_id" = ?[0m  [["order_id", 1]]
  ↳ app/views/orders/show.html.erb:5
  [1m[36mProduct Load (0.1ms)[0m  [1m[34mSELECT "products".* FROM "products" WHERE "products"."id" = ? LIMIT ?[0m  [["id", 1], ["LIMIT", 1]]
  ↳ app/views/orders/show.html.erb:7
  [1m[36mProduct Load (0.1ms)[0m  [1m[34mSELECT "products".* FROM "products" WHERE "products"."id" = ? LIMIT ?[0m  [["id", 3], ["LIMIT", 1]]
  ↳ app/views/orders/show.html.erb:7
  Rendered orders/show.html.erb within layouts/application (Duration: 41.6ms | GC: 1.5ms)
  Rendered layout layouts/application.html.erb (Duration: 43.1ms | GC: 1.7ms)
Completed 200 OK in 53ms (Views: 41.2ms | ActiveRecord: 3.0ms (5 queries, 0 cached) | GC: 2.1ms)


Started GET "/manifest.json" for ::1 at 2025-03-16 19:33:38 -0500
  
ActionController::RoutingError (No route matches [GET] "/manifest.json"):
  
Started GET "/about" for ::1 at 2025-03-16 19:33:52 -0500
Processing by PagesController#about as HTML
  Rendering layout layouts/application.html.erb
  Rendering pages/about.html.erb within layouts/application
  Rendered pages/about.html.erb within layouts/application (Duration: 0.4ms | GC: 0.0ms)
  Rendered layout layouts/application.html.erb (Duration: 1.6ms | GC: 0.0ms)
Completed 200 OK in 5ms (Views: 2.4ms | ActiveRecord: 0.0ms (0 queries, 0 cached) | GC: 0.3ms)


Started GET "/manifest.json" for ::1 at 2025-03-16 19:33:52 -0500
  
ActionController::RoutingError (No route matches [GET] "/manifest.json"):
  
Started GET "/products/1" for ::1 at 2025-03-16 19:37:04 -0500
Processing by ProductsController#show as HTML
  Parameters: {"id"=>"1"}
  [1m[36mProduct Load (0.2ms)[0m  [1m[34mSELECT "products".* FROM "products" WHERE "products"."id" = ? LIMIT ?[0m  [["id", 1], ["LIMIT", 1]]
  ↳ app/controllers/products_controller.rb:11:in `show'
  Rendering layout layouts/application.html.erb
  Rendering products/show.html.erb within layouts/application
  Rendered products/show.html.erb within layouts/application (Duration: 0.2ms | GC: 0.0ms)
  Rendered layout layouts/application.html.erb (Duration: 1.1ms | GC: 0.0ms)
Completed 200 OK in 4ms (Views: 1.5ms | ActiveRecord: 0.2ms (1 query, 0 cached) | GC: 0.7ms)


Started GET "/manifest.json" for ::1 at 2025-03-16 19:37:04 -0500
  
ActionController::RoutingError (No route matches [GET] "/manifest.json"):
  
Started GET "/manifest.json" for ::1 at 2025-03-16 19:37:05 -0500
  
ActionController::RoutingError (No route matches [GET] "/manifest.json"):
  
Started GET "/products/2" for ::1 at 2025-03-16 19:37:06 -0500
Processing by ProductsController#show as HTML
  Parameters: {"id"=>"2"}
  [1m[36mProduct Load (0.1ms)[0m  [1m[34mSELECT "products".* FROM "products" WHERE "products"."id" = ? LIMIT ?[0m  [["id", 2], ["LIMIT", 1]]
  ↳ app/controllers/products_controller.rb:11:in `show'
  Rendering layout layouts/application.html.erb
  Rendering products/show.html.erb within layouts/application
  Rendered products/show.html.erb within layouts/application (Duration: 0.2ms | GC: 0.0ms)
  Rendered layout layouts/application.html.erb (Duration: 0.8ms | GC: 0.0ms)
Completed 200 OK in 3ms (Views: 1.2ms | ActiveRecord: 0.1ms (1 query, 0 cached) | GC: 0.2ms)


Started GET "/manifest.json" for ::1 at 2025-03-16 19:37:06 -0500
  
ActionController::RoutingError (No route matches [GET] "/manifest.json"):
  
Started GET "/products" for ::1 at 2025-03-16 19:37:07 -0500
Processing by ProductsController#index as HTML
  Rendering layout layouts/application.html.erb
  Rendering products/index.html.erb within layouts/application
  [1m[36mProduct Load (0.2ms)[0m  [1m[34mSELECT "products".* FROM "products"[0m
  ↳ app/views/products/index.html.erb:13
  Rendered products/index.html.erb within layouts/application (Duration: 2.3ms | GC: 0.0ms)
  Rendered layout layouts/application.html.erb (Duration: 3.4ms | GC: 0.0ms)
Completed 200 OK in 5ms (Views: 4.1ms | ActiveRecord: 0.2ms (1 query, 0 cached) | GC: 0.2ms)


Started GET "/manifest.json" for ::1 at 2025-03-16 19:37:07 -0500
  
ActionController::RoutingError (No route matches [GET] "/manifest.json"):
  
Started GET "/products/3" for ::1 at 2025-03-16 19:37:08 -0500
Processing by ProductsController#show as HTML
  Parameters: {"id"=>"3"}
  [1m[36mProduct Load (0.1ms)[0m  [1m[34mSELECT "products".* FROM "products" WHERE "products"."id" = ? LIMIT ?[0m  [["id", 3], ["LIMIT", 1]]
  ↳ app/controllers/products_controller.rb:11:in `show'
  Rendering layout layouts/application.html.erb
  Rendering products/show.html.erb within layouts/application
  Rendered products/show.html.erb within layouts/application (Duration: 0.2ms | GC: 0.0ms)
  Rendered layout layouts/application.html.erb (Duration: 0.7ms | GC: 0.0ms)
Completed 200 OK in 2ms (Views: 1.0ms | ActiveRecord: 0.1ms (1 query, 0 cached) | GC: 0.0ms)


Started GET "/manifest.json" for ::1 at 2025-03-16 19:37:08 -0500
  
ActionController::RoutingError (No route matches [GET] "/manifest.json"):
  
Started GET "/manifest.json" for ::1 at 2025-03-16 19:37:09 -0500
  
ActionController::RoutingError (No route matches [GET] "/manifest.json"):
  
Started GET "/products?query=Laptop" for ::1 at 2025-03-16 19:37:16 -0500
Processing by ProductsController#index as HTML
  Parameters: {"query"=>"Laptop"}
  Rendering layout layouts/application.html.erb
  Rendering products/index.html.erb within layouts/application
  [1m[36mProduct Load (2.0ms)[0m  [1m[34mSELECT "products".* FROM "products" WHERE (name LIKE ?)[0m  [[nil, "%Laptop%"]]
  ↳ app/views/products/index.html.erb:13
  Rendered products/index.html.erb within layouts/application (Duration: 4.8ms | GC: 0.2ms)
  Rendered layout layouts/application.html.erb (Duration: 6.3ms | GC: 0.2ms)
Completed 200 OK in 7ms (Views: 4.7ms | ActiveRecord: 2.0ms (1 query, 0 cached) | GC: 0.2ms)


Started GET "/manifest.json" for ::1 at 2025-03-16 19:37:16 -0500
  
ActionController::RoutingError (No route matches [GET] "/manifest.json"):
  
Started GET "/products?query=Laptop" for ::1 at 2025-03-16 19:37:18 -0500
Processing by ProductsController#index as HTML
  Parameters: {"query"=>"Laptop"}
  Rendering layout layouts/application.html.erb
  Rendering products/index.html.erb within layouts/application
  [1m[36mProduct Load (0.1ms)[0m  [1m[34mSELECT "products".* FROM "products" WHERE (name LIKE ?)[0m  [[nil, "%Laptop%"]]
  ↳ app/views/products/index.html.erb:13
  Rendered products/index.html.erb within layouts/application (Duration: 2.0ms | GC: 0.0ms)
  Rendered layout layouts/application.html.erb (Duration: 2.7ms | GC: 0.0ms)
Completed 200 OK in 4ms (Views: 3.0ms | ActiveRecord: 0.1ms (1 query, 0 cached) | GC: 0.0ms)


Started GET "/manifest.json" for ::1 at 2025-03-16 19:37:18 -0500
  
ActionController::RoutingError (No route matches [GET] "/manifest.json"):
  
Started GET "/manifest.json" for ::1 at 2025-03-16 19:37:19 -0500
  
ActionController::RoutingError (No route matches [GET] "/manifest.json"):
  
Started GET "/manifest.json" for ::1 at 2025-03-16 19:37:20 -0500
  
ActionController::RoutingError (No route matches [GET] "/manifest.json"):
  
